-- The C compiler identification is GNU 13.3.0
-- The CXX compiler identification is GNU 13.3.0
-- Detecting C compiler ABI info
-- Detecting C compiler ABI info - done
-- Check for working C compiler: /usr/bin/cc - skipped
-- Detecting C compile features
-- Detecting C compile features - done
-- Detecting CXX compiler ABI info
-- Detecting CXX compiler ABI info - done
-- Check for working CXX compiler: /usr/bin/c++ - skipped
-- Detecting CXX compile features
-- Detecting CXX compile features - done
-- Found ament_cmake: 2.5.3 (/opt/ros/jazzy/share/ament_cmake/cmake)
-- Found Python3: /usr/bin/python3 (found version "3.12.3") found components: Interpreter 
-- Found urdf: 2.10.0 (/opt/ros/jazzy/share/urdf/cmake)
-- Found TinyXML2 via Config file: /usr/lib/x86_64-linux-gnu/cmake/tinyxml2
-- Found xacro: 2.0.11 (/opt/ros/jazzy/share/xacro/cmake)
-- Found robot_state_publisher: 3.3.3 (/opt/ros/jazzy/share/robot_state_publisher/cmake)
-- Found rosidl_generator_c: 4.6.5 (/opt/ros/jazzy/share/rosidl_generator_c/cmake)
-- Found rosidl_generator_cpp: 4.6.5 (/opt/ros/jazzy/share/rosidl_generator_cpp/cmake)
-- Using all available rosidl_typesupport_c: rosidl_typesupport_fastrtps_c;rosidl_typesupport_introspection_c
-- Using all available rosidl_typesupport_cpp: rosidl_typesupport_fastrtps_cpp;rosidl_typesupport_introspection_cpp
-- Found rmw_implementation_cmake: 7.3.1 (/opt/ros/jazzy/share/rmw_implementation_cmake/cmake)
-- Found rmw_fastrtps_cpp: 8.4.1 (/opt/ros/jazzy/share/rmw_fastrtps_cpp/cmake)
-- Found TinyXML2 via Config file: /usr/lib/x86_64-linux-gnu/cmake/tinyxml2
-- Found OpenSSL: /usr/lib/x86_64-linux-gnu/libcrypto.so (found version "3.0.13")  
-- Found TinyXML2 via Config file: /usr/lib/x86_64-linux-gnu/cmake/tinyxml2
-- Found FastRTPS: /opt/ros/jazzy/include (Required is at least version "2.13") 
-- Found TinyXML2 via Config file: /usr/lib/x86_64-linux-gnu/cmake/tinyxml2
-- Found TinyXML2 via Config file: /usr/lib/x86_64-linux-gnu/cmake/tinyxml2
-- Using RMW implementation 'rmw_fastrtps_cpp' as default
-- Configuring done (2.0s)
-- Generating done (0.0s)
-- Build files have been written to: /home/student/eiratech_ws/build/robot_description
-- Install configuration: ""
-- Installing: /home/student/eiratech_ws/install/robot_description/share/robot_description/meshes
-- Installing: /home/student/eiratech_ws/install/robot_description/share/robot_description/meshes/base_link.STL
-- Installing: /home/student/eiratech_ws/install/robot_description/share/robot_description/meshes/wheel_back_left.STL
-- Installing: /home/student/eiratech_ws/install/robot_description/share/robot_description/meshes/wheel_front_right.STL
-- Installing: /home/student/eiratech_ws/install/robot_description/share/robot_description/meshes/wheel_back_right.STL
-- Installing: /home/student/eiratech_ws/install/robot_description/share/robot_description/meshes/wheel_front_left.STL
-- Installing: /home/student/eiratech_ws/install/robot_description/share/robot_description/meshes/back_camera.STL
-- Installing: /home/student/eiratech_ws/install/robot_description/share/robot_description/meshes/TC_V0.STL
-- Installing: /home/student/eiratech_ws/install/robot_description/share/robot_description/meshes/front_camera.STL
-- Installing: /home/student/eiratech_ws/install/robot_description/share/robot_description/urdf
-- Installing: /home/student/eiratech_ws/install/robot_description/share/robot_description/urdf/cropmap.urdf.xacro
-- Installing: /home/student/eiratech_ws/install/robot_description/share/robot_description/urdf/cropMap_urdf.urdf
[31mCMake Error at cmake_install.cmake:46 (file):
  file INSTALL cannot find
  "/home/student/eiratech_ws/src/robot_description/rviz": No such file or
  directory.

[0m
