[0.006s] Invoking command in '/home/student/eiratech_ws/build/robot_description': CMAKE_PREFIX_PATH=${CMAKE_PREFIX_PATH}:/opt/ros/jazzy DEBUGINFOD_URLS=https://debuginfod.ubuntu.com /usr/bin/cmake /home/student/eiratech_ws/src/robot_description -DCMAKE_INSTALL_PREFIX=/home/student/eiratech_ws/install/robot_description
[0.331s] -- The C compiler identification is GNU 13.3.0
[0.537s] -- The CXX compiler identification is GNU 13.3.0
[0.571s] -- Detecting C compiler ABI info
[0.721s] -- Detecting C compiler ABI info - done
[0.738s] -- Check for working C compiler: /usr/bin/cc - skipped
[0.746s] -- Detecting C compile features
[0.760s] -- Detecting C compile features - done
[0.782s] -- Detecting CXX compiler ABI info
[0.926s] -- Detecting CXX compiler ABI info - done
[0.934s] -- Check for working CXX compiler: /usr/bin/c++ - skipped
[0.934s] -- Detecting CXX compile features
[0.935s] -- Detecting CXX compile features - done
[0.969s] -- Found ament_cmake: 2.5.3 (/opt/ros/jazzy/share/ament_cmake/cmake)
[1.112s] -- Found Python3: /usr/bin/python3 (found version "3.12.3") found components: Interpreter 
[1.225s] -- Found urdf: 2.10.0 (/opt/ros/jazzy/share/urdf/cmake)
[1.275s] -- Found TinyXML2 via Config file: /usr/lib/x86_64-linux-gnu/cmake/tinyxml2
[1.287s] -- Found xacro: 2.0.11 (/opt/ros/jazzy/share/xacro/cmake)
[1.290s] -- Found robot_state_publisher: 3.3.3 (/opt/ros/jazzy/share/robot_state_publisher/cmake)
[1.331s] -- Found rosidl_generator_c: 4.6.5 (/opt/ros/jazzy/share/rosidl_generator_c/cmake)
[1.344s] -- Found rosidl_generator_cpp: 4.6.5 (/opt/ros/jazzy/share/rosidl_generator_cpp/cmake)
[1.366s] -- Using all available rosidl_typesupport_c: rosidl_typesupport_fastrtps_c;rosidl_typesupport_introspection_c
[1.381s] -- Using all available rosidl_typesupport_cpp: rosidl_typesupport_fastrtps_cpp;rosidl_typesupport_introspection_cpp
[1.477s] -- Found rmw_implementation_cmake: 7.3.1 (/opt/ros/jazzy/share/rmw_implementation_cmake/cmake)
[1.481s] -- Found rmw_fastrtps_cpp: 8.4.1 (/opt/ros/jazzy/share/rmw_fastrtps_cpp/cmake)
[1.511s] -- Found TinyXML2 via Config file: /usr/lib/x86_64-linux-gnu/cmake/tinyxml2
[1.665s] -- Found OpenSSL: /usr/lib/x86_64-linux-gnu/libcrypto.so (found version "3.0.13")  
[1.673s] -- Found TinyXML2 via Config file: /usr/lib/x86_64-linux-gnu/cmake/tinyxml2
[1.692s] -- Found FastRTPS: /opt/ros/jazzy/include (Required is at least version "2.13") 
[1.695s] -- Found TinyXML2 via Config file: /usr/lib/x86_64-linux-gnu/cmake/tinyxml2
[1.701s] -- Found TinyXML2 via Config file: /usr/lib/x86_64-linux-gnu/cmake/tinyxml2
[1.715s] -- Using RMW implementation 'rmw_fastrtps_cpp' as default
[2.039s] -- Configuring done (2.0s)
[2.041s] -- Generating done (0.0s)
[2.042s] -- Build files have been written to: /home/student/eiratech_ws/build/robot_description
[2.050s] Invoked command in '/home/student/eiratech_ws/build/robot_description' returned '0': CMAKE_PREFIX_PATH=${CMAKE_PREFIX_PATH}:/opt/ros/jazzy DEBUGINFOD_URLS=https://debuginfod.ubuntu.com /usr/bin/cmake /home/student/eiratech_ws/src/robot_description -DCMAKE_INSTALL_PREFIX=/home/student/eiratech_ws/install/robot_description
[2.050s] Invoking command in '/home/student/eiratech_ws/build/robot_description': CMAKE_PREFIX_PATH=${CMAKE_PREFIX_PATH}:/opt/ros/jazzy DEBUGINFOD_URLS=https://debuginfod.ubuntu.com /usr/bin/cmake --build /home/student/eiratech_ws/build/robot_description -- -j28 -l28
[2.110s] Invoked command in '/home/student/eiratech_ws/build/robot_description' returned '0': CMAKE_PREFIX_PATH=${CMAKE_PREFIX_PATH}:/opt/ros/jazzy DEBUGINFOD_URLS=https://debuginfod.ubuntu.com /usr/bin/cmake --build /home/student/eiratech_ws/build/robot_description -- -j28 -l28
[2.125s] Invoking command in '/home/student/eiratech_ws/build/robot_description': CMAKE_PREFIX_PATH=${CMAKE_PREFIX_PATH}:/opt/ros/jazzy DEBUGINFOD_URLS=https://debuginfod.ubuntu.com /usr/bin/cmake --install /home/student/eiratech_ws/build/robot_description
[2.135s] -- Install configuration: ""
[2.135s] -- Installing: /home/student/eiratech_ws/install/robot_description/share/robot_description/meshes
[2.135s] -- Installing: /home/student/eiratech_ws/install/robot_description/share/robot_description/meshes/base_link.STL
[2.150s] -- Installing: /home/student/eiratech_ws/install/robot_description/share/robot_description/meshes/wheel_back_left.STL
[2.151s] -- Installing: /home/student/eiratech_ws/install/robot_description/share/robot_description/meshes/wheel_front_right.STL
[2.152s] -- Installing: /home/student/eiratech_ws/install/robot_description/share/robot_description/meshes/wheel_back_right.STL
[2.153s] -- Installing: /home/student/eiratech_ws/install/robot_description/share/robot_description/meshes/wheel_front_left.STL
[2.154s] -- Installing: /home/student/eiratech_ws/install/robot_description/share/robot_description/meshes/back_camera.STL
[2.155s] -- Installing: /home/student/eiratech_ws/install/robot_description/share/robot_description/meshes/TC_V0.STL
[2.156s] -- Installing: /home/student/eiratech_ws/install/robot_description/share/robot_description/meshes/front_camera.STL
[2.157s] -- Installing: /home/student/eiratech_ws/install/robot_description/share/robot_description/urdf
[2.157s] -- Installing: /home/student/eiratech_ws/install/robot_description/share/robot_description/urdf/cropmap.urdf.xacro
[2.157s] -- Installing: /home/student/eiratech_ws/install/robot_description/share/robot_description/urdf/cropMap_urdf.urdf
[2.157s] [31mCMake Error at cmake_install.cmake:46 (file):
[2.157s]   file INSTALL cannot find
[2.157s]   "/home/student/eiratech_ws/src/robot_description/rviz": No such file or
[2.158s]   directory.
[2.158s] 
[2.158s] [0m
[2.159s] Invoked command in '/home/student/eiratech_ws/build/robot_description' returned '1': CMAKE_PREFIX_PATH=${CMAKE_PREFIX_PATH}:/opt/ros/jazzy DEBUGINFOD_URLS=https://debuginfod.ubuntu.com /usr/bin/cmake --install /home/student/eiratech_ws/build/robot_description
