[0.048s] DEBUG:colcon:Command line arguments: ['/usr/bin/colcon', 'build', '--packages-select', 'robot_description', 'robot_control', 'robot_bringup']
[0.048s] DEBUG:colcon:Parsed command line arguments: Namespace(log_base=None, log_level=None, verb_name='build', build_base='build', install_base='install', merge_install=False, symlink_install=False, test_result_base=None, continue_on_error=False, executor='parallel', parallel_workers=28, event_handlers=None, ignore_user_meta=False, metas=['./colcon.meta'], base_paths=['.'], packages_ignore=None, packages_ignore_regex=None, paths=None, packages_up_to=None, packages_up_to_regex=None, packages_above=None, packages_above_and_dependencies=None, packages_above_depth=None, packages_select_by_dep=None, packages_skip_by_dep=None, packages_skip_up_to=None, packages_select_build_failed=False, packages_skip_build_finished=False, packages_select_test_failures=False, packages_skip_test_passed=False, packages_select=['robot_description', 'robot_control', 'robot_bringup'], packages_skip=None, packages_select_regex=None, packages_skip_regex=None, packages_start=None, packages_end=None, allow_overriding=[], cmake_args=None, cmake_target=None, cmake_target_skip_unavailable=False, cmake_clean_cache=False, cmake_clean_first=False, cmake_force_configure=False, ament_cmake_args=None, catkin_cmake_args=None, catkin_skip_building_tests=False, mixin_files=None, mixin=None, verb_parser=<colcon_mixin.mixin.mixin_argument.MixinArgumentDecorator object at 0x7e20a4295af0>, verb_extension=<colcon_core.verb.build.BuildVerb object at 0x7e20a4295910>, main=<bound method BuildVerb.main of <colcon_core.verb.build.BuildVerb object at 0x7e20a4295910>>, mixin_verb=('build',))
[0.066s] Level 1:colcon.colcon_core.package_discovery:discover_packages(colcon_meta) check parameters
[0.066s] Level 1:colcon.colcon_core.package_discovery:discover_packages(recursive) check parameters
[0.066s] Level 1:colcon.colcon_core.package_discovery:discover_packages(ignore) check parameters
[0.066s] Level 1:colcon.colcon_core.package_discovery:discover_packages(path) check parameters
[0.066s] Level 1:colcon.colcon_core.package_discovery:discover_packages(colcon_meta) discover
[0.066s] Level 1:colcon.colcon_core.package_discovery:discover_packages(recursive) discover
[0.066s] INFO:colcon.colcon_core.package_discovery:Crawling recursively for packages in '/home/student/eiratech_ws'
[0.066s] Level 1:colcon.colcon_core.package_identification:_identify(.) by extensions ['ignore', 'ignore_ament_install']
[0.066s] Level 1:colcon.colcon_core.package_identification:_identify(.) by extension 'ignore'
[0.066s] Level 1:colcon.colcon_core.package_identification:_identify(.) by extension 'ignore_ament_install'
[0.066s] Level 1:colcon.colcon_core.package_identification:_identify(.) by extensions ['colcon_pkg']
[0.066s] Level 1:colcon.colcon_core.package_identification:_identify(.) by extension 'colcon_pkg'
[0.066s] Level 1:colcon.colcon_core.package_identification:_identify(.) by extensions ['colcon_meta']
[0.066s] Level 1:colcon.colcon_core.package_identification:_identify(.) by extension 'colcon_meta'
[0.066s] Level 1:colcon.colcon_core.package_identification:_identify(.) by extensions ['ros']
[0.066s] Level 1:colcon.colcon_core.package_identification:_identify(.) by extension 'ros'
[0.079s] Level 1:colcon.colcon_core.package_identification:_identify(.) by extensions ['cmake', 'python']
[0.079s] Level 1:colcon.colcon_core.package_identification:_identify(.) by extension 'cmake'
[0.079s] Level 1:colcon.colcon_core.package_identification:_identify(.) by extension 'python'
[0.079s] Level 1:colcon.colcon_core.package_identification:_identify(.) by extensions ['python_setup_py']
[0.079s] Level 1:colcon.colcon_core.package_identification:_identify(.) by extension 'python_setup_py'
[0.079s] Level 1:colcon.colcon_core.package_identification:_identify(build) by extensions ['ignore', 'ignore_ament_install']
[0.079s] Level 1:colcon.colcon_core.package_identification:_identify(build) by extension 'ignore'
[0.079s] Level 1:colcon.colcon_core.package_identification:_identify(build) ignored
[0.079s] Level 1:colcon.colcon_core.package_identification:_identify(install) by extensions ['ignore', 'ignore_ament_install']
[0.079s] Level 1:colcon.colcon_core.package_identification:_identify(install) by extension 'ignore'
[0.079s] Level 1:colcon.colcon_core.package_identification:_identify(install) ignored
[0.079s] Level 1:colcon.colcon_core.package_identification:_identify(log) by extensions ['ignore', 'ignore_ament_install']
[0.079s] Level 1:colcon.colcon_core.package_identification:_identify(log) by extension 'ignore'
[0.079s] Level 1:colcon.colcon_core.package_identification:_identify(log) ignored
[0.079s] Level 1:colcon.colcon_core.package_identification:_identify(src) by extensions ['ignore', 'ignore_ament_install']
[0.079s] Level 1:colcon.colcon_core.package_identification:_identify(src) by extension 'ignore'
[0.079s] Level 1:colcon.colcon_core.package_identification:_identify(src) by extension 'ignore_ament_install'
[0.079s] Level 1:colcon.colcon_core.package_identification:_identify(src) by extensions ['colcon_pkg']
[0.079s] Level 1:colcon.colcon_core.package_identification:_identify(src) by extension 'colcon_pkg'
[0.079s] Level 1:colcon.colcon_core.package_identification:_identify(src) by extensions ['colcon_meta']
[0.079s] Level 1:colcon.colcon_core.package_identification:_identify(src) by extension 'colcon_meta'
[0.079s] Level 1:colcon.colcon_core.package_identification:_identify(src) by extensions ['ros']
[0.079s] Level 1:colcon.colcon_core.package_identification:_identify(src) by extension 'ros'
[0.079s] Level 1:colcon.colcon_core.package_identification:_identify(src) by extensions ['cmake', 'python']
[0.079s] Level 1:colcon.colcon_core.package_identification:_identify(src) by extension 'cmake'
[0.079s] Level 1:colcon.colcon_core.package_identification:_identify(src) by extension 'python'
[0.079s] Level 1:colcon.colcon_core.package_identification:_identify(src) by extensions ['python_setup_py']
[0.079s] Level 1:colcon.colcon_core.package_identification:_identify(src) by extension 'python_setup_py'
[0.079s] Level 1:colcon.colcon_core.package_identification:_identify(src/build) by extensions ['ignore', 'ignore_ament_install']
[0.079s] Level 1:colcon.colcon_core.package_identification:_identify(src/build) by extension 'ignore'
[0.079s] Level 1:colcon.colcon_core.package_identification:_identify(src/build) ignored
[0.080s] Level 1:colcon.colcon_core.package_identification:_identify(src/docs) by extensions ['ignore', 'ignore_ament_install']
[0.080s] Level 1:colcon.colcon_core.package_identification:_identify(src/docs) by extension 'ignore'
[0.080s] Level 1:colcon.colcon_core.package_identification:_identify(src/docs) by extension 'ignore_ament_install'
[0.080s] Level 1:colcon.colcon_core.package_identification:_identify(src/docs) by extensions ['colcon_pkg']
[0.080s] Level 1:colcon.colcon_core.package_identification:_identify(src/docs) by extension 'colcon_pkg'
[0.080s] Level 1:colcon.colcon_core.package_identification:_identify(src/docs) by extensions ['colcon_meta']
[0.080s] Level 1:colcon.colcon_core.package_identification:_identify(src/docs) by extension 'colcon_meta'
[0.080s] Level 1:colcon.colcon_core.package_identification:_identify(src/docs) by extensions ['ros']
[0.080s] Level 1:colcon.colcon_core.package_identification:_identify(src/docs) by extension 'ros'
[0.080s] Level 1:colcon.colcon_core.package_identification:_identify(src/docs) by extensions ['cmake', 'python']
[0.080s] Level 1:colcon.colcon_core.package_identification:_identify(src/docs) by extension 'cmake'
[0.080s] Level 1:colcon.colcon_core.package_identification:_identify(src/docs) by extension 'python'
[0.080s] Level 1:colcon.colcon_core.package_identification:_identify(src/docs) by extensions ['python_setup_py']
[0.080s] Level 1:colcon.colcon_core.package_identification:_identify(src/docs) by extension 'python_setup_py'
[0.080s] Level 1:colcon.colcon_core.package_identification:_identify(src/install) by extensions ['ignore', 'ignore_ament_install']
[0.080s] Level 1:colcon.colcon_core.package_identification:_identify(src/install) by extension 'ignore'
[0.080s] Level 1:colcon.colcon_core.package_identification:_identify(src/install) ignored
[0.080s] Level 1:colcon.colcon_core.package_identification:_identify(src/log) by extensions ['ignore', 'ignore_ament_install']
[0.080s] Level 1:colcon.colcon_core.package_identification:_identify(src/log) by extension 'ignore'
[0.080s] Level 1:colcon.colcon_core.package_identification:_identify(src/log) ignored
[0.080s] Level 1:colcon.colcon_core.package_identification:_identify(src/robot_bringup) by extensions ['ignore', 'ignore_ament_install']
[0.080s] Level 1:colcon.colcon_core.package_identification:_identify(src/robot_bringup) by extension 'ignore'
[0.080s] Level 1:colcon.colcon_core.package_identification:_identify(src/robot_bringup) by extension 'ignore_ament_install'
[0.080s] Level 1:colcon.colcon_core.package_identification:_identify(src/robot_bringup) by extensions ['colcon_pkg']
[0.080s] Level 1:colcon.colcon_core.package_identification:_identify(src/robot_bringup) by extension 'colcon_pkg'
[0.080s] Level 1:colcon.colcon_core.package_identification:_identify(src/robot_bringup) by extensions ['colcon_meta']
[0.080s] Level 1:colcon.colcon_core.package_identification:_identify(src/robot_bringup) by extension 'colcon_meta'
[0.080s] Level 1:colcon.colcon_core.package_identification:_identify(src/robot_bringup) by extensions ['ros']
[0.080s] Level 1:colcon.colcon_core.package_identification:_identify(src/robot_bringup) by extension 'ros'
[0.081s] DEBUG:colcon.colcon_core.package_identification:Package 'src/robot_bringup' with type 'ros.ament_cmake' and name 'robot_bringup'
[0.081s] Level 1:colcon.colcon_core.package_identification:_identify(src/robot_control) by extensions ['ignore', 'ignore_ament_install']
[0.081s] Level 1:colcon.colcon_core.package_identification:_identify(src/robot_control) by extension 'ignore'
[0.081s] Level 1:colcon.colcon_core.package_identification:_identify(src/robot_control) by extension 'ignore_ament_install'
[0.081s] Level 1:colcon.colcon_core.package_identification:_identify(src/robot_control) by extensions ['colcon_pkg']
[0.081s] Level 1:colcon.colcon_core.package_identification:_identify(src/robot_control) by extension 'colcon_pkg'
[0.081s] Level 1:colcon.colcon_core.package_identification:_identify(src/robot_control) by extensions ['colcon_meta']
[0.081s] Level 1:colcon.colcon_core.package_identification:_identify(src/robot_control) by extension 'colcon_meta'
[0.081s] Level 1:colcon.colcon_core.package_identification:_identify(src/robot_control) by extensions ['ros']
[0.081s] Level 1:colcon.colcon_core.package_identification:_identify(src/robot_control) by extension 'ros'
[0.082s] DEBUG:colcon.colcon_core.package_identification:Package 'src/robot_control' with type 'ros.ament_cmake' and name 'robot_control'
[0.082s] Level 1:colcon.colcon_core.package_identification:_identify(src/robot_description) by extensions ['ignore', 'ignore_ament_install']
[0.082s] Level 1:colcon.colcon_core.package_identification:_identify(src/robot_description) by extension 'ignore'
[0.082s] Level 1:colcon.colcon_core.package_identification:_identify(src/robot_description) by extension 'ignore_ament_install'
[0.082s] Level 1:colcon.colcon_core.package_identification:_identify(src/robot_description) by extensions ['colcon_pkg']
[0.082s] Level 1:colcon.colcon_core.package_identification:_identify(src/robot_description) by extension 'colcon_pkg'
[0.082s] Level 1:colcon.colcon_core.package_identification:_identify(src/robot_description) by extensions ['colcon_meta']
[0.082s] Level 1:colcon.colcon_core.package_identification:_identify(src/robot_description) by extension 'colcon_meta'
[0.082s] Level 1:colcon.colcon_core.package_identification:_identify(src/robot_description) by extensions ['ros']
[0.082s] Level 1:colcon.colcon_core.package_identification:_identify(src/robot_description) by extension 'ros'
[0.082s] DEBUG:colcon.colcon_core.package_identification:Package 'src/robot_description' with type 'ros.ament_cmake' and name 'robot_description'
[0.083s] Level 1:colcon.colcon_core.package_discovery:discover_packages(recursive) using defaults
[0.083s] Level 1:colcon.colcon_core.package_discovery:discover_packages(ignore) discover
[0.083s] Level 1:colcon.colcon_core.package_discovery:discover_packages(ignore) using defaults
[0.083s] Level 1:colcon.colcon_core.package_discovery:discover_packages(path) discover
[0.083s] Level 1:colcon.colcon_core.package_discovery:discover_packages(path) using defaults
[0.091s] Level 1:colcon.colcon_core.package_discovery:discover_packages(prefix_path) check parameters
[0.091s] Level 1:colcon.colcon_core.package_discovery:discover_packages(prefix_path) discover
[0.092s] DEBUG:colcon.colcon_installed_package_information.package_discovery:Found 3 installed packages in /home/student/eiratech_ws/install
[0.093s] DEBUG:colcon.colcon_installed_package_information.package_discovery:Found 384 installed packages in /opt/ros/jazzy
[0.093s] Level 1:colcon.colcon_core.package_discovery:discover_packages(prefix_path) using defaults
[0.113s] Level 5:colcon.colcon_core.verb:set package 'robot_description' build argument 'cmake_args' from command line to 'None'
[0.113s] Level 5:colcon.colcon_core.verb:set package 'robot_description' build argument 'cmake_target' from command line to 'None'
[0.113s] Level 5:colcon.colcon_core.verb:set package 'robot_description' build argument 'cmake_target_skip_unavailable' from command line to 'False'
[0.113s] Level 5:colcon.colcon_core.verb:set package 'robot_description' build argument 'cmake_clean_cache' from command line to 'False'
[0.113s] Level 5:colcon.colcon_core.verb:set package 'robot_description' build argument 'cmake_clean_first' from command line to 'False'
[0.113s] Level 5:colcon.colcon_core.verb:set package 'robot_description' build argument 'cmake_force_configure' from command line to 'False'
[0.113s] Level 5:colcon.colcon_core.verb:set package 'robot_description' build argument 'ament_cmake_args' from command line to 'None'
[0.113s] Level 5:colcon.colcon_core.verb:set package 'robot_description' build argument 'catkin_cmake_args' from command line to 'None'
[0.113s] Level 5:colcon.colcon_core.verb:set package 'robot_description' build argument 'catkin_skip_building_tests' from command line to 'False'
[0.113s] DEBUG:colcon.colcon_core.verb:Building package 'robot_description' with the following arguments: {'ament_cmake_args': None, 'build_base': '/home/student/eiratech_ws/build/robot_description', 'catkin_cmake_args': None, 'catkin_skip_building_tests': False, 'cmake_args': None, 'cmake_clean_cache': False, 'cmake_clean_first': False, 'cmake_force_configure': False, 'cmake_target': None, 'cmake_target_skip_unavailable': False, 'install_base': '/home/student/eiratech_ws/install/robot_description', 'merge_install': False, 'path': '/home/student/eiratech_ws/src/robot_description', 'symlink_install': False, 'test_result_base': None}
[0.113s] Level 5:colcon.colcon_core.verb:set package 'robot_control' build argument 'cmake_args' from command line to 'None'
[0.114s] Level 5:colcon.colcon_core.verb:set package 'robot_control' build argument 'cmake_target' from command line to 'None'
[0.114s] Level 5:colcon.colcon_core.verb:set package 'robot_control' build argument 'cmake_target_skip_unavailable' from command line to 'False'
[0.114s] Level 5:colcon.colcon_core.verb:set package 'robot_control' build argument 'cmake_clean_cache' from command line to 'False'
[0.114s] Level 5:colcon.colcon_core.verb:set package 'robot_control' build argument 'cmake_clean_first' from command line to 'False'
[0.114s] Level 5:colcon.colcon_core.verb:set package 'robot_control' build argument 'cmake_force_configure' from command line to 'False'
[0.114s] Level 5:colcon.colcon_core.verb:set package 'robot_control' build argument 'ament_cmake_args' from command line to 'None'
[0.114s] Level 5:colcon.colcon_core.verb:set package 'robot_control' build argument 'catkin_cmake_args' from command line to 'None'
[0.114s] Level 5:colcon.colcon_core.verb:set package 'robot_control' build argument 'catkin_skip_building_tests' from command line to 'False'
[0.114s] DEBUG:colcon.colcon_core.verb:Building package 'robot_control' with the following arguments: {'ament_cmake_args': None, 'build_base': '/home/student/eiratech_ws/build/robot_control', 'catkin_cmake_args': None, 'catkin_skip_building_tests': False, 'cmake_args': None, 'cmake_clean_cache': False, 'cmake_clean_first': False, 'cmake_force_configure': False, 'cmake_target': None, 'cmake_target_skip_unavailable': False, 'install_base': '/home/student/eiratech_ws/install/robot_control', 'merge_install': False, 'path': '/home/student/eiratech_ws/src/robot_control', 'symlink_install': False, 'test_result_base': None}
[0.114s] Level 5:colcon.colcon_core.verb:set package 'robot_bringup' build argument 'cmake_args' from command line to 'None'
[0.114s] Level 5:colcon.colcon_core.verb:set package 'robot_bringup' build argument 'cmake_target' from command line to 'None'
[0.114s] Level 5:colcon.colcon_core.verb:set package 'robot_bringup' build argument 'cmake_target_skip_unavailable' from command line to 'False'
[0.114s] Level 5:colcon.colcon_core.verb:set package 'robot_bringup' build argument 'cmake_clean_cache' from command line to 'False'
[0.114s] Level 5:colcon.colcon_core.verb:set package 'robot_bringup' build argument 'cmake_clean_first' from command line to 'False'
[0.114s] Level 5:colcon.colcon_core.verb:set package 'robot_bringup' build argument 'cmake_force_configure' from command line to 'False'
[0.114s] Level 5:colcon.colcon_core.verb:set package 'robot_bringup' build argument 'ament_cmake_args' from command line to 'None'
[0.114s] Level 5:colcon.colcon_core.verb:set package 'robot_bringup' build argument 'catkin_cmake_args' from command line to 'None'
[0.114s] Level 5:colcon.colcon_core.verb:set package 'robot_bringup' build argument 'catkin_skip_building_tests' from command line to 'False'
[0.114s] DEBUG:colcon.colcon_core.verb:Building package 'robot_bringup' with the following arguments: {'ament_cmake_args': None, 'build_base': '/home/student/eiratech_ws/build/robot_bringup', 'catkin_cmake_args': None, 'catkin_skip_building_tests': False, 'cmake_args': None, 'cmake_clean_cache': False, 'cmake_clean_first': False, 'cmake_force_configure': False, 'cmake_target': None, 'cmake_target_skip_unavailable': False, 'install_base': '/home/student/eiratech_ws/install/robot_bringup', 'merge_install': False, 'path': '/home/student/eiratech_ws/src/robot_bringup', 'symlink_install': False, 'test_result_base': None}
[0.114s] INFO:colcon.colcon_core.executor:Executing jobs using 'parallel' executor
[0.114s] DEBUG:colcon.colcon_parallel_executor.executor.parallel:run_until_complete
[0.114s] INFO:colcon.colcon_ros.task.ament_cmake.build:Building ROS package in '/home/student/eiratech_ws/src/robot_description' with build type 'ament_cmake'
[0.114s] INFO:colcon.colcon_cmake.task.cmake.build:Building CMake package in '/home/student/eiratech_ws/src/robot_description'
[0.115s] INFO:colcon.colcon_core.plugin_system:Skipping extension 'colcon_core.shell.bat': Not used on non-Windows systems
[0.115s] INFO:colcon.colcon_core.shell:Skip shell extension 'powershell' for command environment: Not usable outside of PowerShell
[0.115s] DEBUG:colcon.colcon_core.shell:Skip shell extension 'dsv' for command environment
[0.121s] DEBUG:colcon.colcon_core.event_handler.log_command:Invoking command in '/home/student/eiratech_ws/build/robot_description': CMAKE_PREFIX_PATH=${CMAKE_PREFIX_PATH}:/opt/ros/jazzy DEBUGINFOD_URLS=https://debuginfod.ubuntu.com /usr/bin/cmake --build /home/student/eiratech_ws/build/robot_description -- -j28 -l28
[0.152s] DEBUG:colcon.colcon_core.event_handler.log_command:Invoked command in '/home/student/eiratech_ws/build/robot_description' returned '0': CMAKE_PREFIX_PATH=${CMAKE_PREFIX_PATH}:/opt/ros/jazzy DEBUGINFOD_URLS=https://debuginfod.ubuntu.com /usr/bin/cmake --build /home/student/eiratech_ws/build/robot_description -- -j28 -l28
[0.159s] DEBUG:colcon.colcon_core.event_handler.log_command:Invoking command in '/home/student/eiratech_ws/build/robot_description': CMAKE_PREFIX_PATH=${CMAKE_PREFIX_PATH}:/opt/ros/jazzy DEBUGINFOD_URLS=https://debuginfod.ubuntu.com /usr/bin/cmake --install /home/student/eiratech_ws/build/robot_description
[0.167s] Level 1:colcon.colcon_core.environment:create_environment_scripts_only(robot_description)
[0.167s] DEBUG:colcon.colcon_core.event_handler.log_command:Invoked command in '/home/student/eiratech_ws/build/robot_description' returned '0': CMAKE_PREFIX_PATH=${CMAKE_PREFIX_PATH}:/opt/ros/jazzy DEBUGINFOD_URLS=https://debuginfod.ubuntu.com /usr/bin/cmake --install /home/student/eiratech_ws/build/robot_description
[0.169s] Level 1:colcon.colcon_core.environment:checking '/home/student/eiratech_ws/install/robot_description' for CMake module files
[0.169s] Level 1:colcon.colcon_core.environment:checking '/home/student/eiratech_ws/install/robot_description' for CMake config files
[0.169s] Level 1:colcon.colcon_core.shell:create_environment_hook('robot_description', 'cmake_prefix_path')
[0.169s] INFO:colcon.colcon_core.shell:Creating environment hook '/home/student/eiratech_ws/install/robot_description/share/robot_description/hook/cmake_prefix_path.ps1'
[0.170s] INFO:colcon.colcon_core.shell:Creating environment descriptor '/home/student/eiratech_ws/install/robot_description/share/robot_description/hook/cmake_prefix_path.dsv'
[0.170s] INFO:colcon.colcon_core.shell:Creating environment hook '/home/student/eiratech_ws/install/robot_description/share/robot_description/hook/cmake_prefix_path.sh'
[0.171s] Level 1:colcon.colcon_core.environment:checking '/home/student/eiratech_ws/install/robot_description/bin'
[0.171s] Level 1:colcon.colcon_core.environment:checking '/home/student/eiratech_ws/install/robot_description/lib/pkgconfig/robot_description.pc'
[0.171s] Level 1:colcon.colcon_core.environment:checking '/home/student/eiratech_ws/install/robot_description/lib/python3.12/site-packages'
[0.171s] Level 1:colcon.colcon_core.environment:checking '/home/student/eiratech_ws/install/robot_description/bin'
[0.171s] INFO:colcon.colcon_core.shell:Creating package script '/home/student/eiratech_ws/install/robot_description/share/robot_description/package.ps1'
[0.172s] INFO:colcon.colcon_core.shell:Creating package descriptor '/home/student/eiratech_ws/install/robot_description/share/robot_description/package.dsv'
[0.172s] INFO:colcon.colcon_core.shell:Creating package script '/home/student/eiratech_ws/install/robot_description/share/robot_description/package.sh'
[0.173s] INFO:colcon.colcon_core.shell:Creating package script '/home/student/eiratech_ws/install/robot_description/share/robot_description/package.bash'
[0.173s] INFO:colcon.colcon_core.shell:Creating package script '/home/student/eiratech_ws/install/robot_description/share/robot_description/package.zsh'
[0.173s] Level 1:colcon.colcon_core.environment:create_file_with_runtime_dependencies(/home/student/eiratech_ws/install/robot_description/share/colcon-core/packages/robot_description)
[0.173s] Level 1:colcon.colcon_core.environment:create_environment_scripts_only(robot_description)
[0.174s] Level 1:colcon.colcon_core.environment:checking '/home/student/eiratech_ws/install/robot_description' for CMake module files
[0.174s] Level 1:colcon.colcon_core.environment:checking '/home/student/eiratech_ws/install/robot_description' for CMake config files
[0.174s] Level 1:colcon.colcon_core.shell:create_environment_hook('robot_description', 'cmake_prefix_path')
[0.174s] INFO:colcon.colcon_core.shell:Creating environment hook '/home/student/eiratech_ws/install/robot_description/share/robot_description/hook/cmake_prefix_path.ps1'
[0.174s] INFO:colcon.colcon_core.shell:Creating environment descriptor '/home/student/eiratech_ws/install/robot_description/share/robot_description/hook/cmake_prefix_path.dsv'
[0.174s] INFO:colcon.colcon_core.shell:Creating environment hook '/home/student/eiratech_ws/install/robot_description/share/robot_description/hook/cmake_prefix_path.sh'
[0.175s] Level 1:colcon.colcon_core.environment:checking '/home/student/eiratech_ws/install/robot_description/bin'
[0.175s] Level 1:colcon.colcon_core.environment:checking '/home/student/eiratech_ws/install/robot_description/lib/pkgconfig/robot_description.pc'
[0.175s] Level 1:colcon.colcon_core.environment:checking '/home/student/eiratech_ws/install/robot_description/lib/python3.12/site-packages'
[0.175s] Level 1:colcon.colcon_core.environment:checking '/home/student/eiratech_ws/install/robot_description/bin'
[0.175s] INFO:colcon.colcon_core.shell:Creating package script '/home/student/eiratech_ws/install/robot_description/share/robot_description/package.ps1'
[0.176s] INFO:colcon.colcon_core.shell:Creating package descriptor '/home/student/eiratech_ws/install/robot_description/share/robot_description/package.dsv'
[0.176s] INFO:colcon.colcon_core.shell:Creating package script '/home/student/eiratech_ws/install/robot_description/share/robot_description/package.sh'
[0.176s] INFO:colcon.colcon_core.shell:Creating package script '/home/student/eiratech_ws/install/robot_description/share/robot_description/package.bash'
[0.177s] INFO:colcon.colcon_core.shell:Creating package script '/home/student/eiratech_ws/install/robot_description/share/robot_description/package.zsh'
[0.177s] Level 1:colcon.colcon_core.environment:create_file_with_runtime_dependencies(/home/student/eiratech_ws/install/robot_description/share/colcon-core/packages/robot_description)
[0.183s] INFO:colcon.colcon_ros.task.ament_cmake.build:Building ROS package in '/home/student/eiratech_ws/src/robot_control' with build type 'ament_cmake'
[0.184s] INFO:colcon.colcon_cmake.task.cmake.build:Building CMake package in '/home/student/eiratech_ws/src/robot_control'
[0.184s] INFO:colcon.colcon_core.shell:Skip shell extension 'powershell' for command environment: Not usable outside of PowerShell
[0.184s] DEBUG:colcon.colcon_core.shell:Skip shell extension 'dsv' for command environment
[0.200s] DEBUG:colcon.colcon_core.event_handler.log_command:Invoking command in '/home/student/eiratech_ws/build/robot_control': CMAKE_PREFIX_PATH=/home/student/eiratech_ws/install/robot_description:/opt/ros/jazzy/opt/gz_sim_vendor:/opt/ros/jazzy/opt/gz_sensors_vendor:/opt/ros/jazzy/opt/gz_physics_vendor:/opt/ros/jazzy/opt/sdformat_vendor:/opt/ros/jazzy/opt/gz_gui_vendor:/opt/ros/jazzy/opt/gz_transport_vendor:/opt/ros/jazzy/opt/gz_rendering_vendor:/opt/ros/jazzy/opt/gz_plugin_vendor:/opt/ros/jazzy/opt/gz_fuel_tools_vendor:/opt/ros/jazzy/opt/gz_msgs_vendor:/opt/ros/jazzy/opt/gz_common_vendor:/opt/ros/jazzy/opt/gz_math_vendor:/opt/ros/jazzy/opt/gz_utils_vendor:/opt/ros/jazzy/opt/gz_tools_vendor:/opt/ros/jazzy/opt/gz_ogre_next_vendor:/opt/ros/jazzy/opt/gz_dartsim_vendor:/opt/ros/jazzy/opt/gz_cmake_vendor:/home/student/eiratech_ws/install/robot_bringup:/home/student/eiratech_ws/install/robot_control:/opt/ros/jazzy DEBUGINFOD_URLS=https://debuginfod.ubuntu.com /usr/bin/cmake --build /home/student/eiratech_ws/build/robot_control -- -j28 -l28
[0.272s] DEBUG:colcon.colcon_core.event_handler.log_command:Invoked command in '/home/student/eiratech_ws/build/robot_control' returned '0': CMAKE_PREFIX_PATH=/home/student/eiratech_ws/install/robot_description:/opt/ros/jazzy/opt/gz_sim_vendor:/opt/ros/jazzy/opt/gz_sensors_vendor:/opt/ros/jazzy/opt/gz_physics_vendor:/opt/ros/jazzy/opt/sdformat_vendor:/opt/ros/jazzy/opt/gz_gui_vendor:/opt/ros/jazzy/opt/gz_transport_vendor:/opt/ros/jazzy/opt/gz_rendering_vendor:/opt/ros/jazzy/opt/gz_plugin_vendor:/opt/ros/jazzy/opt/gz_fuel_tools_vendor:/opt/ros/jazzy/opt/gz_msgs_vendor:/opt/ros/jazzy/opt/gz_common_vendor:/opt/ros/jazzy/opt/gz_math_vendor:/opt/ros/jazzy/opt/gz_utils_vendor:/opt/ros/jazzy/opt/gz_tools_vendor:/opt/ros/jazzy/opt/gz_ogre_next_vendor:/opt/ros/jazzy/opt/gz_dartsim_vendor:/opt/ros/jazzy/opt/gz_cmake_vendor:/home/student/eiratech_ws/install/robot_bringup:/home/student/eiratech_ws/install/robot_control:/opt/ros/jazzy DEBUGINFOD_URLS=https://debuginfod.ubuntu.com /usr/bin/cmake --build /home/student/eiratech_ws/build/robot_control -- -j28 -l28
[0.272s] DEBUG:colcon.colcon_core.event_handler.log_command:Invoking command in '/home/student/eiratech_ws/build/robot_control': CMAKE_PREFIX_PATH=/home/student/eiratech_ws/install/robot_description:/opt/ros/jazzy/opt/gz_sim_vendor:/opt/ros/jazzy/opt/gz_sensors_vendor:/opt/ros/jazzy/opt/gz_physics_vendor:/opt/ros/jazzy/opt/sdformat_vendor:/opt/ros/jazzy/opt/gz_gui_vendor:/opt/ros/jazzy/opt/gz_transport_vendor:/opt/ros/jazzy/opt/gz_rendering_vendor:/opt/ros/jazzy/opt/gz_plugin_vendor:/opt/ros/jazzy/opt/gz_fuel_tools_vendor:/opt/ros/jazzy/opt/gz_msgs_vendor:/opt/ros/jazzy/opt/gz_common_vendor:/opt/ros/jazzy/opt/gz_math_vendor:/opt/ros/jazzy/opt/gz_utils_vendor:/opt/ros/jazzy/opt/gz_tools_vendor:/opt/ros/jazzy/opt/gz_ogre_next_vendor:/opt/ros/jazzy/opt/gz_dartsim_vendor:/opt/ros/jazzy/opt/gz_cmake_vendor:/home/student/eiratech_ws/install/robot_bringup:/home/student/eiratech_ws/install/robot_control:/opt/ros/jazzy DEBUGINFOD_URLS=https://debuginfod.ubuntu.com /usr/bin/cmake --install /home/student/eiratech_ws/build/robot_control
[0.285s] Level 1:colcon.colcon_core.environment:create_environment_scripts_only(robot_control)
[0.285s] DEBUG:colcon.colcon_core.event_handler.log_command:Invoked command in '/home/student/eiratech_ws/build/robot_control' returned '0': CMAKE_PREFIX_PATH=/home/student/eiratech_ws/install/robot_description:/opt/ros/jazzy/opt/gz_sim_vendor:/opt/ros/jazzy/opt/gz_sensors_vendor:/opt/ros/jazzy/opt/gz_physics_vendor:/opt/ros/jazzy/opt/sdformat_vendor:/opt/ros/jazzy/opt/gz_gui_vendor:/opt/ros/jazzy/opt/gz_transport_vendor:/opt/ros/jazzy/opt/gz_rendering_vendor:/opt/ros/jazzy/opt/gz_plugin_vendor:/opt/ros/jazzy/opt/gz_fuel_tools_vendor:/opt/ros/jazzy/opt/gz_msgs_vendor:/opt/ros/jazzy/opt/gz_common_vendor:/opt/ros/jazzy/opt/gz_math_vendor:/opt/ros/jazzy/opt/gz_utils_vendor:/opt/ros/jazzy/opt/gz_tools_vendor:/opt/ros/jazzy/opt/gz_ogre_next_vendor:/opt/ros/jazzy/opt/gz_dartsim_vendor:/opt/ros/jazzy/opt/gz_cmake_vendor:/home/student/eiratech_ws/install/robot_bringup:/home/student/eiratech_ws/install/robot_control:/opt/ros/jazzy DEBUGINFOD_URLS=https://debuginfod.ubuntu.com /usr/bin/cmake --install /home/student/eiratech_ws/build/robot_control
[0.285s] Level 1:colcon.colcon_core.environment:checking '/home/student/eiratech_ws/install/robot_control' for CMake module files
[0.286s] Level 1:colcon.colcon_core.environment:checking '/home/student/eiratech_ws/install/robot_control' for CMake config files
[0.286s] Level 1:colcon.colcon_core.shell:create_environment_hook('robot_control', 'cmake_prefix_path')
[0.286s] INFO:colcon.colcon_core.shell:Creating environment hook '/home/student/eiratech_ws/install/robot_control/share/robot_control/hook/cmake_prefix_path.ps1'
[0.287s] INFO:colcon.colcon_core.shell:Creating environment descriptor '/home/student/eiratech_ws/install/robot_control/share/robot_control/hook/cmake_prefix_path.dsv'
[0.287s] INFO:colcon.colcon_core.shell:Creating environment hook '/home/student/eiratech_ws/install/robot_control/share/robot_control/hook/cmake_prefix_path.sh'
[0.289s] Level 1:colcon.colcon_core.environment:checking '/home/student/eiratech_ws/install/robot_control/bin'
[0.289s] Level 1:colcon.colcon_core.environment:checking '/home/student/eiratech_ws/install/robot_control/lib/pkgconfig/robot_control.pc'
[0.289s] Level 1:colcon.colcon_core.environment:checking '/home/student/eiratech_ws/install/robot_control/lib/python3.12/site-packages'
[0.290s] Level 1:colcon.colcon_core.environment:checking '/home/student/eiratech_ws/install/robot_control/bin'
[0.290s] INFO:colcon.colcon_core.shell:Creating package script '/home/student/eiratech_ws/install/robot_control/share/robot_control/package.ps1'
[0.291s] INFO:colcon.colcon_core.shell:Creating package descriptor '/home/student/eiratech_ws/install/robot_control/share/robot_control/package.dsv'
[0.292s] INFO:colcon.colcon_core.shell:Creating package script '/home/student/eiratech_ws/install/robot_control/share/robot_control/package.sh'
[0.292s] INFO:colcon.colcon_core.shell:Creating package script '/home/student/eiratech_ws/install/robot_control/share/robot_control/package.bash'
[0.293s] INFO:colcon.colcon_core.shell:Creating package script '/home/student/eiratech_ws/install/robot_control/share/robot_control/package.zsh'
[0.293s] Level 1:colcon.colcon_core.environment:create_file_with_runtime_dependencies(/home/student/eiratech_ws/install/robot_control/share/colcon-core/packages/robot_control)
[0.293s] Level 1:colcon.colcon_core.environment:create_environment_scripts_only(robot_control)
[0.293s] Level 1:colcon.colcon_core.environment:checking '/home/student/eiratech_ws/install/robot_control' for CMake module files
[0.294s] Level 1:colcon.colcon_core.environment:checking '/home/student/eiratech_ws/install/robot_control' for CMake config files
[0.294s] Level 1:colcon.colcon_core.shell:create_environment_hook('robot_control', 'cmake_prefix_path')
[0.294s] INFO:colcon.colcon_core.shell:Creating environment hook '/home/student/eiratech_ws/install/robot_control/share/robot_control/hook/cmake_prefix_path.ps1'
[0.299s] INFO:colcon.colcon_core.shell:Creating environment descriptor '/home/student/eiratech_ws/install/robot_control/share/robot_control/hook/cmake_prefix_path.dsv'
[0.300s] INFO:colcon.colcon_core.shell:Creating environment hook '/home/student/eiratech_ws/install/robot_control/share/robot_control/hook/cmake_prefix_path.sh'
[0.300s] Level 1:colcon.colcon_core.environment:checking '/home/student/eiratech_ws/install/robot_control/bin'
[0.300s] Level 1:colcon.colcon_core.environment:checking '/home/student/eiratech_ws/install/robot_control/lib/pkgconfig/robot_control.pc'
[0.300s] Level 1:colcon.colcon_core.environment:checking '/home/student/eiratech_ws/install/robot_control/lib/python3.12/site-packages'
[0.301s] Level 1:colcon.colcon_core.environment:checking '/home/student/eiratech_ws/install/robot_control/bin'
[0.301s] INFO:colcon.colcon_core.shell:Creating package script '/home/student/eiratech_ws/install/robot_control/share/robot_control/package.ps1'
[0.301s] INFO:colcon.colcon_core.shell:Creating package descriptor '/home/student/eiratech_ws/install/robot_control/share/robot_control/package.dsv'
[0.301s] INFO:colcon.colcon_core.shell:Creating package script '/home/student/eiratech_ws/install/robot_control/share/robot_control/package.sh'
[0.302s] INFO:colcon.colcon_core.shell:Creating package script '/home/student/eiratech_ws/install/robot_control/share/robot_control/package.bash'
[0.302s] INFO:colcon.colcon_core.shell:Creating package script '/home/student/eiratech_ws/install/robot_control/share/robot_control/package.zsh'
[0.302s] Level 1:colcon.colcon_core.environment:create_file_with_runtime_dependencies(/home/student/eiratech_ws/install/robot_control/share/colcon-core/packages/robot_control)
[0.302s] INFO:colcon.colcon_ros.task.ament_cmake.build:Building ROS package in '/home/student/eiratech_ws/src/robot_bringup' with build type 'ament_cmake'
[0.303s] INFO:colcon.colcon_cmake.task.cmake.build:Building CMake package in '/home/student/eiratech_ws/src/robot_bringup'
[0.303s] INFO:colcon.colcon_core.shell:Skip shell extension 'powershell' for command environment: Not usable outside of PowerShell
[0.303s] DEBUG:colcon.colcon_core.shell:Skip shell extension 'dsv' for command environment
[0.309s] DEBUG:colcon.colcon_core.event_handler.log_command:Invoking command in '/home/student/eiratech_ws/build/robot_bringup': CMAKE_PREFIX_PATH=/home/student/eiratech_ws/install/robot_control:/home/student/eiratech_ws/install/robot_description:/opt/ros/jazzy/opt/gz_sim_vendor:/opt/ros/jazzy/opt/gz_sensors_vendor:/opt/ros/jazzy/opt/gz_physics_vendor:/opt/ros/jazzy/opt/sdformat_vendor:/opt/ros/jazzy/opt/gz_gui_vendor:/opt/ros/jazzy/opt/gz_transport_vendor:/opt/ros/jazzy/opt/gz_rendering_vendor:/opt/ros/jazzy/opt/gz_plugin_vendor:/opt/ros/jazzy/opt/gz_fuel_tools_vendor:/opt/ros/jazzy/opt/gz_msgs_vendor:/opt/ros/jazzy/opt/gz_common_vendor:/opt/ros/jazzy/opt/gz_math_vendor:/opt/ros/jazzy/opt/gz_utils_vendor:/opt/ros/jazzy/opt/gz_tools_vendor:/opt/ros/jazzy/opt/gz_ogre_next_vendor:/opt/ros/jazzy/opt/gz_dartsim_vendor:/opt/ros/jazzy/opt/gz_cmake_vendor:/home/student/eiratech_ws/install/robot_bringup:/opt/ros/jazzy DEBUGINFOD_URLS=https://debuginfod.ubuntu.com /usr/bin/cmake --build /home/student/eiratech_ws/build/robot_bringup -- -j28 -l28
[0.371s] DEBUG:colcon.colcon_core.event_handler.log_command:Invoked command in '/home/student/eiratech_ws/build/robot_bringup' returned '0': CMAKE_PREFIX_PATH=/home/student/eiratech_ws/install/robot_control:/home/student/eiratech_ws/install/robot_description:/opt/ros/jazzy/opt/gz_sim_vendor:/opt/ros/jazzy/opt/gz_sensors_vendor:/opt/ros/jazzy/opt/gz_physics_vendor:/opt/ros/jazzy/opt/sdformat_vendor:/opt/ros/jazzy/opt/gz_gui_vendor:/opt/ros/jazzy/opt/gz_transport_vendor:/opt/ros/jazzy/opt/gz_rendering_vendor:/opt/ros/jazzy/opt/gz_plugin_vendor:/opt/ros/jazzy/opt/gz_fuel_tools_vendor:/opt/ros/jazzy/opt/gz_msgs_vendor:/opt/ros/jazzy/opt/gz_common_vendor:/opt/ros/jazzy/opt/gz_math_vendor:/opt/ros/jazzy/opt/gz_utils_vendor:/opt/ros/jazzy/opt/gz_tools_vendor:/opt/ros/jazzy/opt/gz_ogre_next_vendor:/opt/ros/jazzy/opt/gz_dartsim_vendor:/opt/ros/jazzy/opt/gz_cmake_vendor:/home/student/eiratech_ws/install/robot_bringup:/opt/ros/jazzy DEBUGINFOD_URLS=https://debuginfod.ubuntu.com /usr/bin/cmake --build /home/student/eiratech_ws/build/robot_bringup -- -j28 -l28
[0.371s] DEBUG:colcon.colcon_core.event_handler.log_command:Invoking command in '/home/student/eiratech_ws/build/robot_bringup': CMAKE_PREFIX_PATH=/home/student/eiratech_ws/install/robot_control:/home/student/eiratech_ws/install/robot_description:/opt/ros/jazzy/opt/gz_sim_vendor:/opt/ros/jazzy/opt/gz_sensors_vendor:/opt/ros/jazzy/opt/gz_physics_vendor:/opt/ros/jazzy/opt/sdformat_vendor:/opt/ros/jazzy/opt/gz_gui_vendor:/opt/ros/jazzy/opt/gz_transport_vendor:/opt/ros/jazzy/opt/gz_rendering_vendor:/opt/ros/jazzy/opt/gz_plugin_vendor:/opt/ros/jazzy/opt/gz_fuel_tools_vendor:/opt/ros/jazzy/opt/gz_msgs_vendor:/opt/ros/jazzy/opt/gz_common_vendor:/opt/ros/jazzy/opt/gz_math_vendor:/opt/ros/jazzy/opt/gz_utils_vendor:/opt/ros/jazzy/opt/gz_tools_vendor:/opt/ros/jazzy/opt/gz_ogre_next_vendor:/opt/ros/jazzy/opt/gz_dartsim_vendor:/opt/ros/jazzy/opt/gz_cmake_vendor:/home/student/eiratech_ws/install/robot_bringup:/opt/ros/jazzy DEBUGINFOD_URLS=https://debuginfod.ubuntu.com /usr/bin/cmake --install /home/student/eiratech_ws/build/robot_bringup
[0.383s] Level 1:colcon.colcon_core.environment:create_environment_scripts_only(robot_bringup)
[0.383s] DEBUG:colcon.colcon_core.event_handler.log_command:Invoked command in '/home/student/eiratech_ws/build/robot_bringup' returned '0': CMAKE_PREFIX_PATH=/home/student/eiratech_ws/install/robot_control:/home/student/eiratech_ws/install/robot_description:/opt/ros/jazzy/opt/gz_sim_vendor:/opt/ros/jazzy/opt/gz_sensors_vendor:/opt/ros/jazzy/opt/gz_physics_vendor:/opt/ros/jazzy/opt/sdformat_vendor:/opt/ros/jazzy/opt/gz_gui_vendor:/opt/ros/jazzy/opt/gz_transport_vendor:/opt/ros/jazzy/opt/gz_rendering_vendor:/opt/ros/jazzy/opt/gz_plugin_vendor:/opt/ros/jazzy/opt/gz_fuel_tools_vendor:/opt/ros/jazzy/opt/gz_msgs_vendor:/opt/ros/jazzy/opt/gz_common_vendor:/opt/ros/jazzy/opt/gz_math_vendor:/opt/ros/jazzy/opt/gz_utils_vendor:/opt/ros/jazzy/opt/gz_tools_vendor:/opt/ros/jazzy/opt/gz_ogre_next_vendor:/opt/ros/jazzy/opt/gz_dartsim_vendor:/opt/ros/jazzy/opt/gz_cmake_vendor:/home/student/eiratech_ws/install/robot_bringup:/opt/ros/jazzy DEBUGINFOD_URLS=https://debuginfod.ubuntu.com /usr/bin/cmake --install /home/student/eiratech_ws/build/robot_bringup
[0.383s] Level 1:colcon.colcon_core.environment:checking '/home/student/eiratech_ws/install/robot_bringup' for CMake module files
[0.384s] Level 1:colcon.colcon_core.environment:checking '/home/student/eiratech_ws/install/robot_bringup' for CMake config files
[0.384s] Level 1:colcon.colcon_core.shell:create_environment_hook('robot_bringup', 'cmake_prefix_path')
[0.384s] INFO:colcon.colcon_core.shell:Creating environment hook '/home/student/eiratech_ws/install/robot_bringup/share/robot_bringup/hook/cmake_prefix_path.ps1'
[0.384s] INFO:colcon.colcon_core.shell:Creating environment descriptor '/home/student/eiratech_ws/install/robot_bringup/share/robot_bringup/hook/cmake_prefix_path.dsv'
[0.384s] INFO:colcon.colcon_core.shell:Creating environment hook '/home/student/eiratech_ws/install/robot_bringup/share/robot_bringup/hook/cmake_prefix_path.sh'
[0.385s] Level 1:colcon.colcon_core.environment:checking '/home/student/eiratech_ws/install/robot_bringup/bin'
[0.385s] Level 1:colcon.colcon_core.environment:checking '/home/student/eiratech_ws/install/robot_bringup/lib/pkgconfig/robot_bringup.pc'
[0.385s] Level 1:colcon.colcon_core.environment:checking '/home/student/eiratech_ws/install/robot_bringup/lib/python3.12/site-packages'
[0.385s] Level 1:colcon.colcon_core.environment:checking '/home/student/eiratech_ws/install/robot_bringup/bin'
[0.385s] INFO:colcon.colcon_core.shell:Creating package script '/home/student/eiratech_ws/install/robot_bringup/share/robot_bringup/package.ps1'
[0.386s] INFO:colcon.colcon_core.shell:Creating package descriptor '/home/student/eiratech_ws/install/robot_bringup/share/robot_bringup/package.dsv'
[0.386s] INFO:colcon.colcon_core.shell:Creating package script '/home/student/eiratech_ws/install/robot_bringup/share/robot_bringup/package.sh'
[0.387s] INFO:colcon.colcon_core.shell:Creating package script '/home/student/eiratech_ws/install/robot_bringup/share/robot_bringup/package.bash'
[0.387s] INFO:colcon.colcon_core.shell:Creating package script '/home/student/eiratech_ws/install/robot_bringup/share/robot_bringup/package.zsh'
[0.387s] Level 1:colcon.colcon_core.environment:create_file_with_runtime_dependencies(/home/student/eiratech_ws/install/robot_bringup/share/colcon-core/packages/robot_bringup)
[0.388s] Level 1:colcon.colcon_core.environment:create_environment_scripts_only(robot_bringup)
[0.388s] Level 1:colcon.colcon_core.environment:checking '/home/student/eiratech_ws/install/robot_bringup' for CMake module files
[0.389s] Level 1:colcon.colcon_core.environment:checking '/home/student/eiratech_ws/install/robot_bringup' for CMake config files
[0.389s] Level 1:colcon.colcon_core.shell:create_environment_hook('robot_bringup', 'cmake_prefix_path')
[0.389s] INFO:colcon.colcon_core.shell:Creating environment hook '/home/student/eiratech_ws/install/robot_bringup/share/robot_bringup/hook/cmake_prefix_path.ps1'
[0.397s] INFO:colcon.colcon_core.shell:Creating environment descriptor '/home/student/eiratech_ws/install/robot_bringup/share/robot_bringup/hook/cmake_prefix_path.dsv'
[0.398s] INFO:colcon.colcon_core.shell:Creating environment hook '/home/student/eiratech_ws/install/robot_bringup/share/robot_bringup/hook/cmake_prefix_path.sh'
[0.399s] Level 1:colcon.colcon_core.environment:checking '/home/student/eiratech_ws/install/robot_bringup/bin'
[0.399s] Level 1:colcon.colcon_core.environment:checking '/home/student/eiratech_ws/install/robot_bringup/lib/pkgconfig/robot_bringup.pc'
[0.400s] Level 1:colcon.colcon_core.environment:checking '/home/student/eiratech_ws/install/robot_bringup/lib/python3.12/site-packages'
[0.400s] Level 1:colcon.colcon_core.environment:checking '/home/student/eiratech_ws/install/robot_bringup/bin'
[0.401s] INFO:colcon.colcon_core.shell:Creating package script '/home/student/eiratech_ws/install/robot_bringup/share/robot_bringup/package.ps1'
[0.401s] INFO:colcon.colcon_core.shell:Creating package descriptor '/home/student/eiratech_ws/install/robot_bringup/share/robot_bringup/package.dsv'
[0.402s] INFO:colcon.colcon_core.shell:Creating package script '/home/student/eiratech_ws/install/robot_bringup/share/robot_bringup/package.sh'
[0.403s] INFO:colcon.colcon_core.shell:Creating package script '/home/student/eiratech_ws/install/robot_bringup/share/robot_bringup/package.bash'
[0.404s] INFO:colcon.colcon_core.shell:Creating package script '/home/student/eiratech_ws/install/robot_bringup/share/robot_bringup/package.zsh'
[0.404s] Level 1:colcon.colcon_core.environment:create_file_with_runtime_dependencies(/home/student/eiratech_ws/install/robot_bringup/share/colcon-core/packages/robot_bringup)
[0.405s] DEBUG:colcon.colcon_parallel_executor.executor.parallel:closing loop
[0.405s] DEBUG:colcon.colcon_parallel_executor.executor.parallel:loop closed
[0.406s] DEBUG:colcon.colcon_parallel_executor.executor.parallel:run_until_complete finished with '0'
[0.406s] DEBUG:colcon.colcon_core.event_reactor:joining thread
[0.414s] INFO:colcon.colcon_core.plugin_system:Skipping extension 'colcon_notification.desktop_notification.terminal_notifier': Not used on non-Darwin systems
[0.414s] INFO:colcon.colcon_core.plugin_system:Skipping extension 'colcon_notification.desktop_notification.win32': Not used on non-Windows systems
[0.414s] INFO:colcon.colcon_notification.desktop_notification:Sending desktop notification using 'notify2'
[0.437s] DEBUG:colcon.colcon_core.event_reactor:joined thread
[0.437s] INFO:colcon.colcon_core.shell:Creating prefix script '/home/student/eiratech_ws/install/local_setup.ps1'
[0.438s] INFO:colcon.colcon_core.shell:Creating prefix util module '/home/student/eiratech_ws/install/_local_setup_util_ps1.py'
[0.439s] INFO:colcon.colcon_core.shell:Creating prefix chain script '/home/student/eiratech_ws/install/setup.ps1'
[0.439s] INFO:colcon.colcon_core.shell:Creating prefix script '/home/student/eiratech_ws/install/local_setup.sh'
[0.439s] INFO:colcon.colcon_core.shell:Creating prefix util module '/home/student/eiratech_ws/install/_local_setup_util_sh.py'
[0.440s] INFO:colcon.colcon_core.shell:Creating prefix chain script '/home/student/eiratech_ws/install/setup.sh'
[0.440s] INFO:colcon.colcon_core.shell:Creating prefix script '/home/student/eiratech_ws/install/local_setup.bash'
[0.441s] INFO:colcon.colcon_core.shell:Creating prefix chain script '/home/student/eiratech_ws/install/setup.bash'
[0.441s] INFO:colcon.colcon_core.shell:Creating prefix script '/home/student/eiratech_ws/install/local_setup.zsh'
[0.441s] INFO:colcon.colcon_core.shell:Creating prefix chain script '/home/student/eiratech_ws/install/setup.zsh'
