[0.005s] Invoking command in '/home/student/eiratech_ws/build/robot_description': CMAKE_PREFIX_PATH=${CMAKE_PREFIX_PATH}:/opt/ros/jazzy DEBUGINFOD_URLS=https://debuginfod.ubuntu.com /usr/bin/cmake --build /home/student/eiratech_ws/build/robot_description -- -j28 -l28
[0.025s] -- Found ament_cmake: 2.5.3 (/opt/ros/jazzy/share/ament_cmake/cmake)
[0.163s] -- Found urdf: 2.10.0 (/opt/ros/jazzy/share/urdf/cmake)
[0.193s] -- Found TinyXML2 via Config file: /usr/lib/x86_64-linux-gnu/cmake/tinyxml2
[0.200s] -- Found xacro: 2.0.13 (/opt/ros/jazzy/share/xacro/cmake)
[0.201s] -- Found robot_state_publisher: 3.3.3 (/opt/ros/jazzy/share/robot_state_publisher/cmake)
[0.229s] -- Found rosidl_generator_c: 4.6.5 (/opt/ros/jazzy/share/rosidl_generator_c/cmake)
[0.239s] -- Found rosidl_generator_cpp: 4.6.5 (/opt/ros/jazzy/share/rosidl_generator_cpp/cmake)
[0.255s] -- Using all available rosidl_typesupport_c: rosidl_typesupport_fastrtps_c;rosidl_typesupport_introspection_c
[0.267s] -- Using all available rosidl_typesupport_cpp: rosidl_typesupport_fastrtps_cpp;rosidl_typesupport_introspection_cpp
[0.345s] -- Found rmw_implementation_cmake: 7.3.2 (/opt/ros/jazzy/share/rmw_implementation_cmake/cmake)
[0.348s] -- Found rmw_fastrtps_cpp: 8.4.2 (/opt/ros/jazzy/share/rmw_fastrtps_cpp/cmake)
[0.372s] -- Found TinyXML2 via Config file: /usr/lib/x86_64-linux-gnu/cmake/tinyxml2
[0.384s] -- Found TinyXML2 via Config file: /usr/lib/x86_64-linux-gnu/cmake/tinyxml2
[0.396s] -- Found TinyXML2 via Config file: /usr/lib/x86_64-linux-gnu/cmake/tinyxml2
[0.401s] -- Found TinyXML2 via Config file: /usr/lib/x86_64-linux-gnu/cmake/tinyxml2
[0.410s] -- Using RMW implementation 'rmw_fastrtps_cpp' as default
[0.699s] -- Configuring done (0.7s)
[0.701s] -- Generating done (0.0s)
[0.703s] -- Build files have been written to: /home/student/eiratech_ws/build/robot_description
[0.721s] Invoked command in '/home/student/eiratech_ws/build/robot_description' returned '0': CMAKE_PREFIX_PATH=${CMAKE_PREFIX_PATH}:/opt/ros/jazzy DEBUGINFOD_URLS=https://debuginfod.ubuntu.com /usr/bin/cmake --build /home/student/eiratech_ws/build/robot_description -- -j28 -l28
[0.726s] Invoking command in '/home/student/eiratech_ws/build/robot_description': CMAKE_PREFIX_PATH=${CMAKE_PREFIX_PATH}:/opt/ros/jazzy DEBUGINFOD_URLS=https://debuginfod.ubuntu.com /usr/bin/cmake --install /home/student/eiratech_ws/build/robot_description
[0.732s] -- Install configuration: ""
[0.732s] -- Up-to-date: /home/student/eiratech_ws/install/robot_description/share/robot_description/meshes
[0.732s] -- Up-to-date: /home/student/eiratech_ws/install/robot_description/share/robot_description/meshes/base_link.STL
[0.732s] -- Up-to-date: /home/student/eiratech_ws/install/robot_description/share/robot_description/meshes/wheel_back_left.STL
[0.732s] -- Up-to-date: /home/student/eiratech_ws/install/robot_description/share/robot_description/meshes/wheel_front_right.STL
[0.732s] -- Up-to-date: /home/student/eiratech_ws/install/robot_description/share/robot_description/meshes/wheel_back_right.STL
[0.732s] -- Up-to-date: /home/student/eiratech_ws/install/robot_description/share/robot_description/meshes/wheel_front_left.STL
[0.732s] -- Up-to-date: /home/student/eiratech_ws/install/robot_description/share/robot_description/meshes/back_camera.STL
[0.732s] -- Up-to-date: /home/student/eiratech_ws/install/robot_description/share/robot_description/meshes/TC_V0.STL
[0.732s] -- Up-to-date: /home/student/eiratech_ws/install/robot_description/share/robot_description/meshes/front_camera.STL
[0.732s] -- Up-to-date: /home/student/eiratech_ws/install/robot_description/share/robot_description/urdf
[0.732s] -- Installing: /home/student/eiratech_ws/install/robot_description/share/robot_description/urdf/robot.urdf.xacro
[0.732s] -- Up-to-date: /home/student/eiratech_ws/install/robot_description/share/robot_description/urdf/dummy.urdf
[0.732s] -- Installing: /home/student/eiratech_ws/install/robot_description/share/robot_description/urdf/cropMap_urdf.urdf
[0.733s] -- Up-to-date: /home/student/eiratech_ws/install/robot_description/share/robot_description/rviz
[0.733s] -- Up-to-date: /home/student/eiratech_ws/install/robot_description/share/robot_description/rviz/robot.rviz
[0.733s] -- Installing: /home/student/eiratech_ws/install/robot_description/share/robot_description/config
[0.733s] -- Installing: /home/student/eiratech_ws/install/robot_description/share/robot_description/config/bridge.yaml
[0.733s] -- Up-to-date: /home/student/eiratech_ws/install/robot_description/share/ament_index/resource_index/package_run_dependencies/robot_description
[0.733s] -- Installing: /home/student/eiratech_ws/install/robot_description/share/ament_index/resource_index/parent_prefix_path/robot_description
[0.733s] -- Up-to-date: /home/student/eiratech_ws/install/robot_description/share/robot_description/environment/ament_prefix_path.sh
[0.733s] -- Up-to-date: /home/student/eiratech_ws/install/robot_description/share/robot_description/environment/ament_prefix_path.dsv
[0.733s] -- Up-to-date: /home/student/eiratech_ws/install/robot_description/share/robot_description/environment/path.sh
[0.733s] -- Up-to-date: /home/student/eiratech_ws/install/robot_description/share/robot_description/environment/path.dsv
[0.733s] -- Up-to-date: /home/student/eiratech_ws/install/robot_description/share/robot_description/local_setup.bash
[0.733s] -- Up-to-date: /home/student/eiratech_ws/install/robot_description/share/robot_description/local_setup.sh
[0.733s] -- Up-to-date: /home/student/eiratech_ws/install/robot_description/share/robot_description/local_setup.zsh
[0.733s] -- Up-to-date: /home/student/eiratech_ws/install/robot_description/share/robot_description/local_setup.dsv
[0.733s] -- Installing: /home/student/eiratech_ws/install/robot_description/share/robot_description/package.dsv
[0.733s] -- Up-to-date: /home/student/eiratech_ws/install/robot_description/share/ament_index/resource_index/packages/robot_description
[0.733s] -- Up-to-date: /home/student/eiratech_ws/install/robot_description/share/robot_description/cmake/robot_descriptionConfig.cmake
[0.733s] -- Up-to-date: /home/student/eiratech_ws/install/robot_description/share/robot_description/cmake/robot_descriptionConfig-version.cmake
[0.733s] -- Up-to-date: /home/student/eiratech_ws/install/robot_description/share/robot_description/package.xml
[0.733s] Invoked command in '/home/student/eiratech_ws/build/robot_description' returned '0': CMAKE_PREFIX_PATH=${CMAKE_PREFIX_PATH}:/opt/ros/jazzy DEBUGINFOD_URLS=https://debuginfod.ubuntu.com /usr/bin/cmake --install /home/student/eiratech_ws/build/robot_description
