[0.008s] Invoking command in '/home/student/eiratech_ws/build/robot_bringup': AMENT_PREFIX_PATH=/home/student/eiratech_ws/install/robot_control:/home/student/eiratech_ws/install/robot_description:${AMENT_PREFIX_PATH} CMAKE_PREFIX_PATH=/home/student/eiratech_ws/install/robot_control:/home/student/eiratech_ws/install/robot_description:/opt/ros/jazzy/opt/gz_sim_vendor:/opt/ros/jazzy/opt/gz_sensors_vendor:/opt/ros/jazzy/opt/gz_physics_vendor:/opt/ros/jazzy/opt/sdformat_vendor:/opt/ros/jazzy/opt/gz_gui_vendor:/opt/ros/jazzy/opt/gz_transport_vendor:/opt/ros/jazzy/opt/gz_rendering_vendor:/opt/ros/jazzy/opt/gz_plugin_vendor:/opt/ros/jazzy/opt/gz_fuel_tools_vendor:/opt/ros/jazzy/opt/gz_msgs_vendor:/opt/ros/jazzy/opt/gz_common_vendor:/opt/ros/jazzy/opt/gz_math_vendor:/opt/ros/jazzy/opt/gz_utils_vendor:/opt/ros/jazzy/opt/gz_tools_vendor:/opt/ros/jazzy/opt/gz_ogre_next_vendor:/opt/ros/jazzy/opt/gz_dartsim_vendor:/opt/ros/jazzy/opt/gz_cmake_vendor:/opt/ros/jazzy DEBUGINFOD_URLS=https://debuginfod.ubuntu.com /usr/bin/cmake --build /home/student/eiratech_ws/build/robot_bringup -- -j28 -l28
[0.026s] -- Found ament_cmake: 2.5.3 (/opt/ros/jazzy/share/ament_cmake/cmake)
[0.255s] -- Configuring done (0.2s)
[0.256s] -- Generating done (0.0s)
[0.257s] -- Build files have been written to: /home/student/eiratech_ws/build/robot_bringup
[0.276s] Invoked command in '/home/student/eiratech_ws/build/robot_bringup' returned '0': AMENT_PREFIX_PATH=/home/student/eiratech_ws/install/robot_control:/home/student/eiratech_ws/install/robot_description:${AMENT_PREFIX_PATH} CMAKE_PREFIX_PATH=/home/student/eiratech_ws/install/robot_control:/home/student/eiratech_ws/install/robot_description:/opt/ros/jazzy/opt/gz_sim_vendor:/opt/ros/jazzy/opt/gz_sensors_vendor:/opt/ros/jazzy/opt/gz_physics_vendor:/opt/ros/jazzy/opt/sdformat_vendor:/opt/ros/jazzy/opt/gz_gui_vendor:/opt/ros/jazzy/opt/gz_transport_vendor:/opt/ros/jazzy/opt/gz_rendering_vendor:/opt/ros/jazzy/opt/gz_plugin_vendor:/opt/ros/jazzy/opt/gz_fuel_tools_vendor:/opt/ros/jazzy/opt/gz_msgs_vendor:/opt/ros/jazzy/opt/gz_common_vendor:/opt/ros/jazzy/opt/gz_math_vendor:/opt/ros/jazzy/opt/gz_utils_vendor:/opt/ros/jazzy/opt/gz_tools_vendor:/opt/ros/jazzy/opt/gz_ogre_next_vendor:/opt/ros/jazzy/opt/gz_dartsim_vendor:/opt/ros/jazzy/opt/gz_cmake_vendor:/opt/ros/jazzy DEBUGINFOD_URLS=https://debuginfod.ubuntu.com /usr/bin/cmake --build /home/student/eiratech_ws/build/robot_bringup -- -j28 -l28
[0.282s] Invoking command in '/home/student/eiratech_ws/build/robot_bringup': AMENT_PREFIX_PATH=/home/student/eiratech_ws/install/robot_control:/home/student/eiratech_ws/install/robot_description:${AMENT_PREFIX_PATH} CMAKE_PREFIX_PATH=/home/student/eiratech_ws/install/robot_control:/home/student/eiratech_ws/install/robot_description:/opt/ros/jazzy/opt/gz_sim_vendor:/opt/ros/jazzy/opt/gz_sensors_vendor:/opt/ros/jazzy/opt/gz_physics_vendor:/opt/ros/jazzy/opt/sdformat_vendor:/opt/ros/jazzy/opt/gz_gui_vendor:/opt/ros/jazzy/opt/gz_transport_vendor:/opt/ros/jazzy/opt/gz_rendering_vendor:/opt/ros/jazzy/opt/gz_plugin_vendor:/opt/ros/jazzy/opt/gz_fuel_tools_vendor:/opt/ros/jazzy/opt/gz_msgs_vendor:/opt/ros/jazzy/opt/gz_common_vendor:/opt/ros/jazzy/opt/gz_math_vendor:/opt/ros/jazzy/opt/gz_utils_vendor:/opt/ros/jazzy/opt/gz_tools_vendor:/opt/ros/jazzy/opt/gz_ogre_next_vendor:/opt/ros/jazzy/opt/gz_dartsim_vendor:/opt/ros/jazzy/opt/gz_cmake_vendor:/opt/ros/jazzy DEBUGINFOD_URLS=https://debuginfod.ubuntu.com /usr/bin/cmake --install /home/student/eiratech_ws/build/robot_bringup
[0.288s] -- Install configuration: ""
[0.288s] -- Up-to-date: /home/student/eiratech_ws/install/robot_bringup/share/robot_bringup/launch
[0.289s] -- Up-to-date: /home/student/eiratech_ws/install/robot_bringup/share/robot_bringup/launch/rviz.launch.py
[0.289s] -- Installing: /home/student/eiratech_ws/install/robot_bringup/share/robot_bringup/launch/gazebo_sim.launch.py
[0.289s] -- Up-to-date: /home/student/eiratech_ws/install/robot_bringup/share/robot_bringup/launch/teleop.launch.py
[0.289s] -- Up-to-date: /home/student/eiratech_ws/install/robot_bringup/share/robot_bringup/launch/complete_demo.launch.py
[0.289s] -- Up-to-date: /home/student/eiratech_ws/install/robot_bringup/share/robot_bringup/worlds
[0.289s] -- Up-to-date: /home/student/eiratech_ws/install/robot_bringup/share/robot_bringup/worlds/farm_world.world
[0.289s] -- Installing: /home/student/eiratech_ws/install/robot_bringup/share/ament_index/resource_index/package_run_dependencies/robot_bringup
[0.289s] -- Up-to-date: /home/student/eiratech_ws/install/robot_bringup/share/ament_index/resource_index/parent_prefix_path/robot_bringup
[0.289s] -- Up-to-date: /home/student/eiratech_ws/install/robot_bringup/share/robot_bringup/environment/ament_prefix_path.sh
[0.289s] -- Up-to-date: /home/student/eiratech_ws/install/robot_bringup/share/robot_bringup/environment/ament_prefix_path.dsv
[0.289s] -- Up-to-date: /home/student/eiratech_ws/install/robot_bringup/share/robot_bringup/environment/path.sh
[0.289s] -- Up-to-date: /home/student/eiratech_ws/install/robot_bringup/share/robot_bringup/environment/path.dsv
[0.289s] -- Up-to-date: /home/student/eiratech_ws/install/robot_bringup/share/robot_bringup/local_setup.bash
[0.289s] -- Up-to-date: /home/student/eiratech_ws/install/robot_bringup/share/robot_bringup/local_setup.sh
[0.289s] -- Up-to-date: /home/student/eiratech_ws/install/robot_bringup/share/robot_bringup/local_setup.zsh
[0.289s] -- Up-to-date: /home/student/eiratech_ws/install/robot_bringup/share/robot_bringup/local_setup.dsv
[0.289s] -- Installing: /home/student/eiratech_ws/install/robot_bringup/share/robot_bringup/package.dsv
[0.289s] -- Up-to-date: /home/student/eiratech_ws/install/robot_bringup/share/ament_index/resource_index/packages/robot_bringup
[0.289s] -- Up-to-date: /home/student/eiratech_ws/install/robot_bringup/share/robot_bringup/cmake/robot_bringupConfig.cmake
[0.289s] -- Up-to-date: /home/student/eiratech_ws/install/robot_bringup/share/robot_bringup/cmake/robot_bringupConfig-version.cmake
[0.290s] -- Installing: /home/student/eiratech_ws/install/robot_bringup/share/robot_bringup/package.xml
[0.290s] Invoked command in '/home/student/eiratech_ws/build/robot_bringup' returned '0': AMENT_PREFIX_PATH=/home/student/eiratech_ws/install/robot_control:/home/student/eiratech_ws/install/robot_description:${AMENT_PREFIX_PATH} CMAKE_PREFIX_PATH=/home/student/eiratech_ws/install/robot_control:/home/student/eiratech_ws/install/robot_description:/opt/ros/jazzy/opt/gz_sim_vendor:/opt/ros/jazzy/opt/gz_sensors_vendor:/opt/ros/jazzy/opt/gz_physics_vendor:/opt/ros/jazzy/opt/sdformat_vendor:/opt/ros/jazzy/opt/gz_gui_vendor:/opt/ros/jazzy/opt/gz_transport_vendor:/opt/ros/jazzy/opt/gz_rendering_vendor:/opt/ros/jazzy/opt/gz_plugin_vendor:/opt/ros/jazzy/opt/gz_fuel_tools_vendor:/opt/ros/jazzy/opt/gz_msgs_vendor:/opt/ros/jazzy/opt/gz_common_vendor:/opt/ros/jazzy/opt/gz_math_vendor:/opt/ros/jazzy/opt/gz_utils_vendor:/opt/ros/jazzy/opt/gz_tools_vendor:/opt/ros/jazzy/opt/gz_ogre_next_vendor:/opt/ros/jazzy/opt/gz_dartsim_vendor:/opt/ros/jazzy/opt/gz_cmake_vendor:/opt/ros/jazzy DEBUGINFOD_URLS=https://debuginfod.ubuntu.com /usr/bin/cmake --install /home/student/eiratech_ws/build/robot_bringup
