-- The C compiler identification is GNU 13.3.0
-- The CXX compiler identification is GNU 13.3.0
-- Detecting C compiler ABI info
-- Detecting C compiler ABI info - done
-- Check for working C compiler: /usr/bin/cc - skipped
-- Detecting C compile features
-- Detecting C compile features - done
-- Detecting CXX compiler ABI info
-- Detecting CXX compiler ABI info - done
-- Check for working CXX compiler: /usr/bin/c++ - skipped
-- Detecting CXX compile features
-- Detecting CXX compile features - done
-- Found ament_cmake: 2.5.3 (/opt/ros/jazzy/share/ament_cmake/cmake)
-- Found Python3: /usr/bin/python3 (found version "3.12.3") found components: Interpreter 
-- Found nav2_bringup: 1.3.5 (/opt/ros/jazzy/share/nav2_bringup/cmake)
-- Found robot_description: 0.0.1 (/home/student/eiratech_ws/install/robot_description/share/robot_description/cmake)
-- Found robot_control: 0.0.1 (/home/student/eiratech_ws/install/robot_control/share/robot_control/cmake)
-- Found robot_bringup: 0.0.1 (/home/student/eiratech_ws/install/robot_bringup/share/robot_bringup/cmake)
-- Found ament_lint_auto: 0.17.2 (/opt/ros/jazzy/share/ament_lint_auto/cmake)
-- Added test 'flake8' to check Python code syntax and style conventions
-- Configured 'flake8' exclude dirs and/or files: 
-- Added test 'lint_cmake' to check CMake code style
-- Added test 'pep257' to check Python code against some of the docstring style conventions in PEP 257
-- Added test 'xmllint' to check XML markup files
-- Configuring done (0.7s)
-- Generating done (0.0s)
-- Build files have been written to: /home/student/eiratech_ws/build/nav2_cropmap
-- Install configuration: ""
-- Installing: /home/student/eiratech_ws/install/nav2_cropmap/share/ament_index/resource_index/package_run_dependencies/nav2_cropmap
-- Installing: /home/student/eiratech_ws/install/nav2_cropmap/share/ament_index/resource_index/parent_prefix_path/nav2_cropmap
-- Installing: /home/student/eiratech_ws/install/nav2_cropmap/share/nav2_cropmap/environment/ament_prefix_path.sh
-- Installing: /home/student/eiratech_ws/install/nav2_cropmap/share/nav2_cropmap/environment/ament_prefix_path.dsv
-- Installing: /home/student/eiratech_ws/install/nav2_cropmap/share/nav2_cropmap/environment/path.sh
-- Installing: /home/student/eiratech_ws/install/nav2_cropmap/share/nav2_cropmap/environment/path.dsv
-- Installing: /home/student/eiratech_ws/install/nav2_cropmap/share/nav2_cropmap/local_setup.bash
-- Installing: /home/student/eiratech_ws/install/nav2_cropmap/share/nav2_cropmap/local_setup.sh
-- Installing: /home/student/eiratech_ws/install/nav2_cropmap/share/nav2_cropmap/local_setup.zsh
-- Installing: /home/student/eiratech_ws/install/nav2_cropmap/share/nav2_cropmap/local_setup.dsv
-- Installing: /home/student/eiratech_ws/install/nav2_cropmap/share/nav2_cropmap/package.dsv
-- Installing: /home/student/eiratech_ws/install/nav2_cropmap/share/ament_index/resource_index/packages/nav2_cropmap
-- Installing: /home/student/eiratech_ws/install/nav2_cropmap/share/nav2_cropmap/cmake/nav2_cropmapConfig.cmake
-- Installing: /home/student/eiratech_ws/install/nav2_cropmap/share/nav2_cropmap/cmake/nav2_cropmapConfig-version.cmake
-- Installing: /home/student/eiratech_ws/install/nav2_cropmap/share/nav2_cropmap/package.xml
