[0.013s] Invoking command in '/home/student/eiratech_ws/build/nav2_cropmap': CMAKE_PREFIX_PATH=${CMAKE_PREFIX_PATH}:/opt/ros/jazzy DEBUGINFOD_URLS=https://debuginfod.ubuntu.com /usr/bin/cmake /home/student/eiratech_ws/src/nav2_cropmap -DCMAKE_INSTALL_PREFIX=/home/student/eiratech_ws/install/nav2_cropmap
[0.203s] -- The C compiler identification is GNU 13.3.0
[0.322s] -- The CXX compiler identification is GNU 13.3.0
[0.339s] -- Detecting C compiler ABI info
[0.407s] -- Detecting C compiler ABI info - done
[0.415s] -- Check for working C compiler: /usr/bin/cc - skipped
[0.416s] -- Detecting C compile features
[0.416s] -- Detecting C compile features - done
[0.423s] -- Detecting CXX compiler ABI info
[0.482s] -- Detecting CXX compiler ABI info - done
[0.486s] -- Check for working CXX compiler: /usr/bin/c++ - skipped
[0.486s] -- Detecting CXX compile features
[0.487s] -- Detecting CXX compile features - done
[0.492s] -- Found ament_cmake: 2.5.3 (/opt/ros/jazzy/share/ament_cmake/cmake)
[0.583s] -- Found Python3: /usr/bin/python3 (found version "3.12.3") found components: Interpreter 
[0.693s] -- Found nav2_bringup: 1.3.5 (/opt/ros/jazzy/share/nav2_bringup/cmake)
[0.694s] -- Found robot_description: 0.0.1 (/home/student/eiratech_ws/install/robot_description/share/robot_description/cmake)
[0.695s] -- Found robot_control: 0.0.1 (/home/student/eiratech_ws/install/robot_control/share/robot_control/cmake)
[0.695s] -- Found robot_bringup: 0.0.1 (/home/student/eiratech_ws/install/robot_bringup/share/robot_bringup/cmake)
[0.697s] -- Found ament_lint_auto: 0.17.2 (/opt/ros/jazzy/share/ament_lint_auto/cmake)
[0.763s] -- Added test 'flake8' to check Python code syntax and style conventions
[0.763s] -- Configured 'flake8' exclude dirs and/or files: 
[0.763s] -- Added test 'lint_cmake' to check CMake code style
[0.764s] -- Added test 'pep257' to check Python code against some of the docstring style conventions in PEP 257
[0.765s] -- Added test 'xmllint' to check XML markup files
[0.766s] -- Configuring done (0.7s)
[0.767s] -- Generating done (0.0s)
[0.769s] -- Build files have been written to: /home/student/eiratech_ws/build/nav2_cropmap
[0.772s] Invoked command in '/home/student/eiratech_ws/build/nav2_cropmap' returned '0': CMAKE_PREFIX_PATH=${CMAKE_PREFIX_PATH}:/opt/ros/jazzy DEBUGINFOD_URLS=https://debuginfod.ubuntu.com /usr/bin/cmake /home/student/eiratech_ws/src/nav2_cropmap -DCMAKE_INSTALL_PREFIX=/home/student/eiratech_ws/install/nav2_cropmap
[0.773s] Invoking command in '/home/student/eiratech_ws/build/nav2_cropmap': CMAKE_PREFIX_PATH=${CMAKE_PREFIX_PATH}:/opt/ros/jazzy DEBUGINFOD_URLS=https://debuginfod.ubuntu.com /usr/bin/cmake --build /home/student/eiratech_ws/build/nav2_cropmap -- -j28 -l28
[0.798s] Invoked command in '/home/student/eiratech_ws/build/nav2_cropmap' returned '0': CMAKE_PREFIX_PATH=${CMAKE_PREFIX_PATH}:/opt/ros/jazzy DEBUGINFOD_URLS=https://debuginfod.ubuntu.com /usr/bin/cmake --build /home/student/eiratech_ws/build/nav2_cropmap -- -j28 -l28
[0.803s] Invoking command in '/home/student/eiratech_ws/build/nav2_cropmap': CMAKE_PREFIX_PATH=${CMAKE_PREFIX_PATH}:/opt/ros/jazzy DEBUGINFOD_URLS=https://debuginfod.ubuntu.com /usr/bin/cmake --install /home/student/eiratech_ws/build/nav2_cropmap
[0.807s] -- Install configuration: ""
[0.807s] -- Installing: /home/student/eiratech_ws/install/nav2_cropmap/share/ament_index/resource_index/package_run_dependencies/nav2_cropmap
[0.807s] -- Installing: /home/student/eiratech_ws/install/nav2_cropmap/share/ament_index/resource_index/parent_prefix_path/nav2_cropmap
[0.807s] -- Installing: /home/student/eiratech_ws/install/nav2_cropmap/share/nav2_cropmap/environment/ament_prefix_path.sh
[0.807s] -- Installing: /home/student/eiratech_ws/install/nav2_cropmap/share/nav2_cropmap/environment/ament_prefix_path.dsv
[0.807s] -- Installing: /home/student/eiratech_ws/install/nav2_cropmap/share/nav2_cropmap/environment/path.sh
[0.807s] -- Installing: /home/student/eiratech_ws/install/nav2_cropmap/share/nav2_cropmap/environment/path.dsv
[0.807s] -- Installing: /home/student/eiratech_ws/install/nav2_cropmap/share/nav2_cropmap/local_setup.bash
[0.807s] -- Installing: /home/student/eiratech_ws/install/nav2_cropmap/share/nav2_cropmap/local_setup.sh
[0.807s] -- Installing: /home/student/eiratech_ws/install/nav2_cropmap/share/nav2_cropmap/local_setup.zsh
[0.807s] -- Installing: /home/student/eiratech_ws/install/nav2_cropmap/share/nav2_cropmap/local_setup.dsv
[0.807s] -- Installing: /home/student/eiratech_ws/install/nav2_cropmap/share/nav2_cropmap/package.dsv
[0.807s] -- Installing: /home/student/eiratech_ws/install/nav2_cropmap/share/ament_index/resource_index/packages/nav2_cropmap
[0.807s] -- Installing: /home/student/eiratech_ws/install/nav2_cropmap/share/nav2_cropmap/cmake/nav2_cropmapConfig.cmake
[0.807s] -- Installing: /home/student/eiratech_ws/install/nav2_cropmap/share/nav2_cropmap/cmake/nav2_cropmapConfig-version.cmake
[0.807s] -- Installing: /home/student/eiratech_ws/install/nav2_cropmap/share/nav2_cropmap/package.xml
[0.808s] Invoked command in '/home/student/eiratech_ws/build/nav2_cropmap' returned '0': CMAKE_PREFIX_PATH=${CMAKE_PREFIX_PATH}:/opt/ros/jazzy DEBUGINFOD_URLS=https://debuginfod.ubuntu.com /usr/bin/cmake --install /home/student/eiratech_ws/build/nav2_cropmap
