[0.008s] Invoking command in '/home/student/eiratech_ws/build/nav2_cropmap': CMAKE_PREFIX_PATH=/home/student/eiratech_ws/install/robot_bringup:/home/student/eiratech_ws/install/robot_control:/home/student/eiratech_ws/install/robot_description:/home/student/eiratech_ws/install/nav2_cropmap:/opt/ros/jazzy/opt/gz_sim_vendor:/opt/ros/jazzy/opt/gz_sensors_vendor:/opt/ros/jazzy/opt/gz_physics_vendor:/opt/ros/jazzy/opt/sdformat_vendor:/opt/ros/jazzy/opt/gz_gui_vendor:/opt/ros/jazzy/opt/gz_transport_vendor:/opt/ros/jazzy/opt/gz_rendering_vendor:/opt/ros/jazzy/opt/gz_plugin_vendor:/opt/ros/jazzy/opt/gz_fuel_tools_vendor:/opt/ros/jazzy/opt/gz_msgs_vendor:/opt/ros/jazzy/opt/gz_common_vendor:/opt/ros/jazzy/opt/gz_math_vendor:/opt/ros/jazzy/opt/gz_utils_vendor:/opt/ros/jazzy/opt/gz_tools_vendor:/opt/ros/jazzy/opt/gz_ogre_next_vendor:/opt/ros/jazzy/opt/gz_dartsim_vendor:/opt/ros/jazzy/opt/gz_cmake_vendor:/opt/ros/jazzy DEBUGINFOD_URLS=https://debuginfod.ubuntu.com /usr/bin/cmake --build /home/student/eiratech_ws/build/nav2_cropmap -- -j28 -l28
[0.027s] -- Found ament_cmake: 2.5.3 (/opt/ros/jazzy/share/ament_cmake/cmake)
[0.149s] -- Found nav2_bringup: 1.3.5 (/opt/ros/jazzy/share/nav2_bringup/cmake)
[0.149s] -- Found robot_description: 0.0.1 (/home/student/eiratech_ws/install/robot_description/share/robot_description/cmake)
[0.149s] -- Found robot_control: 0.0.1 (/home/student/eiratech_ws/install/robot_control/share/robot_control/cmake)
[0.149s] -- Found robot_bringup: 0.0.1 (/home/student/eiratech_ws/install/robot_bringup/share/robot_bringup/cmake)
[0.149s] -- Found ament_lint_auto: 0.17.2 (/opt/ros/jazzy/share/ament_lint_auto/cmake)
[0.198s] -- Added test 'flake8' to check Python code syntax and style conventions
[0.198s] -- Configured 'flake8' exclude dirs and/or files: 
[0.198s] -- Added test 'lint_cmake' to check CMake code style
[0.198s] -- Added test 'pep257' to check Python code against some of the docstring style conventions in PEP 257
[0.198s] -- Added test 'xmllint' to check XML markup files
[0.199s] -- Configuring done (0.2s)
[0.208s] -- Generating done (0.0s)
[0.209s] -- Build files have been written to: /home/student/eiratech_ws/build/nav2_cropmap
[0.224s] Invoked command in '/home/student/eiratech_ws/build/nav2_cropmap' returned '0': CMAKE_PREFIX_PATH=/home/student/eiratech_ws/install/robot_bringup:/home/student/eiratech_ws/install/robot_control:/home/student/eiratech_ws/install/robot_description:/home/student/eiratech_ws/install/nav2_cropmap:/opt/ros/jazzy/opt/gz_sim_vendor:/opt/ros/jazzy/opt/gz_sensors_vendor:/opt/ros/jazzy/opt/gz_physics_vendor:/opt/ros/jazzy/opt/sdformat_vendor:/opt/ros/jazzy/opt/gz_gui_vendor:/opt/ros/jazzy/opt/gz_transport_vendor:/opt/ros/jazzy/opt/gz_rendering_vendor:/opt/ros/jazzy/opt/gz_plugin_vendor:/opt/ros/jazzy/opt/gz_fuel_tools_vendor:/opt/ros/jazzy/opt/gz_msgs_vendor:/opt/ros/jazzy/opt/gz_common_vendor:/opt/ros/jazzy/opt/gz_math_vendor:/opt/ros/jazzy/opt/gz_utils_vendor:/opt/ros/jazzy/opt/gz_tools_vendor:/opt/ros/jazzy/opt/gz_ogre_next_vendor:/opt/ros/jazzy/opt/gz_dartsim_vendor:/opt/ros/jazzy/opt/gz_cmake_vendor:/opt/ros/jazzy DEBUGINFOD_URLS=https://debuginfod.ubuntu.com /usr/bin/cmake --build /home/student/eiratech_ws/build/nav2_cropmap -- -j28 -l28
[0.230s] Invoking command in '/home/student/eiratech_ws/build/nav2_cropmap': CMAKE_PREFIX_PATH=/home/student/eiratech_ws/install/robot_bringup:/home/student/eiratech_ws/install/robot_control:/home/student/eiratech_ws/install/robot_description:/home/student/eiratech_ws/install/nav2_cropmap:/opt/ros/jazzy/opt/gz_sim_vendor:/opt/ros/jazzy/opt/gz_sensors_vendor:/opt/ros/jazzy/opt/gz_physics_vendor:/opt/ros/jazzy/opt/sdformat_vendor:/opt/ros/jazzy/opt/gz_gui_vendor:/opt/ros/jazzy/opt/gz_transport_vendor:/opt/ros/jazzy/opt/gz_rendering_vendor:/opt/ros/jazzy/opt/gz_plugin_vendor:/opt/ros/jazzy/opt/gz_fuel_tools_vendor:/opt/ros/jazzy/opt/gz_msgs_vendor:/opt/ros/jazzy/opt/gz_common_vendor:/opt/ros/jazzy/opt/gz_math_vendor:/opt/ros/jazzy/opt/gz_utils_vendor:/opt/ros/jazzy/opt/gz_tools_vendor:/opt/ros/jazzy/opt/gz_ogre_next_vendor:/opt/ros/jazzy/opt/gz_dartsim_vendor:/opt/ros/jazzy/opt/gz_cmake_vendor:/opt/ros/jazzy DEBUGINFOD_URLS=https://debuginfod.ubuntu.com /usr/bin/cmake --install /home/student/eiratech_ws/build/nav2_cropmap
[0.234s] -- Install configuration: ""
[0.234s] -- Installing: /home/student/eiratech_ws/install/nav2_cropmap/share/nav2_cropmap/launch
[0.234s] -- Installing: /home/student/eiratech_ws/install/nav2_cropmap/share/nav2_cropmap/launch/waypoint_following.launch.py
[0.234s] -- Installing: /home/student/eiratech_ws/install/nav2_cropmap/share/nav2_cropmap/launch/navigation.launch.py
[0.234s] -- Installing: /home/student/eiratech_ws/install/nav2_cropmap/share/nav2_cropmap/config
[0.234s] -- Installing: /home/student/eiratech_ws/install/nav2_cropmap/share/nav2_cropmap/config/nav2_params.yaml
[0.234s] -- Installing: /home/student/eiratech_ws/install/nav2_cropmap/share/nav2_cropmap/maps
[0.234s] -- Up-to-date: /home/student/eiratech_ws/install/nav2_cropmap/share/ament_index/resource_index/package_run_dependencies/nav2_cropmap
[0.234s] -- Installing: /home/student/eiratech_ws/install/nav2_cropmap/share/ament_index/resource_index/parent_prefix_path/nav2_cropmap
[0.234s] -- Up-to-date: /home/student/eiratech_ws/install/nav2_cropmap/share/nav2_cropmap/environment/ament_prefix_path.sh
[0.234s] -- Up-to-date: /home/student/eiratech_ws/install/nav2_cropmap/share/nav2_cropmap/environment/ament_prefix_path.dsv
[0.234s] -- Up-to-date: /home/student/eiratech_ws/install/nav2_cropmap/share/nav2_cropmap/environment/path.sh
[0.234s] -- Up-to-date: /home/student/eiratech_ws/install/nav2_cropmap/share/nav2_cropmap/environment/path.dsv
[0.234s] -- Up-to-date: /home/student/eiratech_ws/install/nav2_cropmap/share/nav2_cropmap/local_setup.bash
[0.235s] -- Up-to-date: /home/student/eiratech_ws/install/nav2_cropmap/share/nav2_cropmap/local_setup.sh
[0.235s] -- Up-to-date: /home/student/eiratech_ws/install/nav2_cropmap/share/nav2_cropmap/local_setup.zsh
[0.235s] -- Up-to-date: /home/student/eiratech_ws/install/nav2_cropmap/share/nav2_cropmap/local_setup.dsv
[0.235s] -- Up-to-date: /home/student/eiratech_ws/install/nav2_cropmap/share/nav2_cropmap/package.dsv
[0.235s] -- Up-to-date: /home/student/eiratech_ws/install/nav2_cropmap/share/ament_index/resource_index/packages/nav2_cropmap
[0.235s] -- Up-to-date: /home/student/eiratech_ws/install/nav2_cropmap/share/nav2_cropmap/cmake/nav2_cropmapConfig.cmake
[0.235s] -- Up-to-date: /home/student/eiratech_ws/install/nav2_cropmap/share/nav2_cropmap/cmake/nav2_cropmapConfig-version.cmake
[0.235s] -- Up-to-date: /home/student/eiratech_ws/install/nav2_cropmap/share/nav2_cropmap/package.xml
[0.235s] Invoked command in '/home/student/eiratech_ws/build/nav2_cropmap' returned '0': CMAKE_PREFIX_PATH=/home/student/eiratech_ws/install/robot_bringup:/home/student/eiratech_ws/install/robot_control:/home/student/eiratech_ws/install/robot_description:/home/student/eiratech_ws/install/nav2_cropmap:/opt/ros/jazzy/opt/gz_sim_vendor:/opt/ros/jazzy/opt/gz_sensors_vendor:/opt/ros/jazzy/opt/gz_physics_vendor:/opt/ros/jazzy/opt/sdformat_vendor:/opt/ros/jazzy/opt/gz_gui_vendor:/opt/ros/jazzy/opt/gz_transport_vendor:/opt/ros/jazzy/opt/gz_rendering_vendor:/opt/ros/jazzy/opt/gz_plugin_vendor:/opt/ros/jazzy/opt/gz_fuel_tools_vendor:/opt/ros/jazzy/opt/gz_msgs_vendor:/opt/ros/jazzy/opt/gz_common_vendor:/opt/ros/jazzy/opt/gz_math_vendor:/opt/ros/jazzy/opt/gz_utils_vendor:/opt/ros/jazzy/opt/gz_tools_vendor:/opt/ros/jazzy/opt/gz_ogre_next_vendor:/opt/ros/jazzy/opt/gz_dartsim_vendor:/opt/ros/jazzy/opt/gz_cmake_vendor:/opt/ros/jazzy DEBUGINFOD_URLS=https://debuginfod.ubuntu.com /usr/bin/cmake --install /home/student/eiratech_ws/build/nav2_cropmap
