-- Install configuration: ""
-- Up-to-date: /home/student/eiratech_ws/install/robot_description/share/robot_description/meshes
-- Up-to-date: /home/student/eiratech_ws/install/robot_description/share/robot_description/meshes/base_link.STL
-- Up-to-date: /home/student/eiratech_ws/install/robot_description/share/robot_description/meshes/wheel_back_left.STL
-- Up-to-date: /home/student/eiratech_ws/install/robot_description/share/robot_description/meshes/wheel_front_right.STL
-- Up-to-date: /home/student/eiratech_ws/install/robot_description/share/robot_description/meshes/wheel_back_right.STL
-- Up-to-date: /home/student/eiratech_ws/install/robot_description/share/robot_description/meshes/wheel_front_left.STL
-- Up-to-date: /home/student/eiratech_ws/install/robot_description/share/robot_description/meshes/back_camera.STL
-- Up-to-date: /home/student/eiratech_ws/install/robot_description/share/robot_description/meshes/TC_V0.STL
-- Up-to-date: /home/student/eiratech_ws/install/robot_description/share/robot_description/meshes/front_camera.STL
-- Up-to-date: /home/student/eiratech_ws/install/robot_description/share/robot_description/urdf
-- Installing: /home/student/eiratech_ws/install/robot_description/share/robot_description/urdf/robot.urdf.xacro
-- Up-to-date: /home/student/eiratech_ws/install/robot_description/share/robot_description/urdf/cropMap_urdf.urdf
-- Installing: /home/student/eiratech_ws/install/robot_description/share/robot_description/rviz
-- Installing: /home/student/eiratech_ws/install/robot_description/share/robot_description/rviz/robot.rviz
-- Installing: /home/student/eiratech_ws/install/robot_description/share/ament_index/resource_index/package_run_dependencies/robot_description
-- Installing: /home/student/eiratech_ws/install/robot_description/share/ament_index/resource_index/parent_prefix_path/robot_description
-- Installing: /home/student/eiratech_ws/install/robot_description/share/robot_description/environment/ament_prefix_path.sh
-- Installing: /home/student/eiratech_ws/install/robot_description/share/robot_description/environment/ament_prefix_path.dsv
-- Installing: /home/student/eiratech_ws/install/robot_description/share/robot_description/environment/path.sh
-- Installing: /home/student/eiratech_ws/install/robot_description/share/robot_description/environment/path.dsv
-- Installing: /home/student/eiratech_ws/install/robot_description/share/robot_description/local_setup.bash
-- Installing: /home/student/eiratech_ws/install/robot_description/share/robot_description/local_setup.sh
-- Installing: /home/student/eiratech_ws/install/robot_description/share/robot_description/local_setup.zsh
-- Installing: /home/student/eiratech_ws/install/robot_description/share/robot_description/local_setup.dsv
-- Up-to-date: /home/student/eiratech_ws/install/robot_description/share/robot_description/package.dsv
-- Installing: /home/student/eiratech_ws/install/robot_description/share/ament_index/resource_index/packages/robot_description
-- Installing: /home/student/eiratech_ws/install/robot_description/share/robot_description/cmake/robot_descriptionConfig.cmake
-- Installing: /home/student/eiratech_ws/install/robot_description/share/robot_description/cmake/robot_descriptionConfig-version.cmake
-- Installing: /home/student/eiratech_ws/install/robot_description/share/robot_description/package.xml
