[0.015s] Invoking command in '/home/student/eiratech_ws/build/robot_control': CMAKE_PREFIX_PATH=/home/student/eiratech_ws/install/robot_description:/opt/ros/jazzy/opt/gz_sim_vendor:/opt/ros/jazzy/opt/gz_sensors_vendor:/opt/ros/jazzy/opt/gz_physics_vendor:/opt/ros/jazzy/opt/sdformat_vendor:/opt/ros/jazzy/opt/gz_gui_vendor:/opt/ros/jazzy/opt/gz_transport_vendor:/opt/ros/jazzy/opt/gz_rendering_vendor:/opt/ros/jazzy/opt/gz_plugin_vendor:/opt/ros/jazzy/opt/gz_fuel_tools_vendor:/opt/ros/jazzy/opt/gz_msgs_vendor:/opt/ros/jazzy/opt/gz_common_vendor:/opt/ros/jazzy/opt/gz_math_vendor:/opt/ros/jazzy/opt/gz_utils_vendor:/opt/ros/jazzy/opt/gz_tools_vendor:/opt/ros/jazzy/opt/gz_ogre_next_vendor:/opt/ros/jazzy/opt/gz_dartsim_vendor:/opt/ros/jazzy/opt/gz_cmake_vendor:/home/student/eiratech_ws/install/robot_bringup:/home/student/eiratech_ws/install/robot_control:/opt/ros/jazzy DEBUGINFOD_URLS=https://debuginfod.ubuntu.com /usr/bin/cmake --build /home/student/eiratech_ws/build/robot_control -- -j28 -l28
[0.087s] Invoked command in '/home/student/eiratech_ws/build/robot_control' returned '0': CMAKE_PREFIX_PATH=/home/student/eiratech_ws/install/robot_description:/opt/ros/jazzy/opt/gz_sim_vendor:/opt/ros/jazzy/opt/gz_sensors_vendor:/opt/ros/jazzy/opt/gz_physics_vendor:/opt/ros/jazzy/opt/sdformat_vendor:/opt/ros/jazzy/opt/gz_gui_vendor:/opt/ros/jazzy/opt/gz_transport_vendor:/opt/ros/jazzy/opt/gz_rendering_vendor:/opt/ros/jazzy/opt/gz_plugin_vendor:/opt/ros/jazzy/opt/gz_fuel_tools_vendor:/opt/ros/jazzy/opt/gz_msgs_vendor:/opt/ros/jazzy/opt/gz_common_vendor:/opt/ros/jazzy/opt/gz_math_vendor:/opt/ros/jazzy/opt/gz_utils_vendor:/opt/ros/jazzy/opt/gz_tools_vendor:/opt/ros/jazzy/opt/gz_ogre_next_vendor:/opt/ros/jazzy/opt/gz_dartsim_vendor:/opt/ros/jazzy/opt/gz_cmake_vendor:/home/student/eiratech_ws/install/robot_bringup:/home/student/eiratech_ws/install/robot_control:/opt/ros/jazzy DEBUGINFOD_URLS=https://debuginfod.ubuntu.com /usr/bin/cmake --build /home/student/eiratech_ws/build/robot_control -- -j28 -l28
[0.088s] Invoking command in '/home/student/eiratech_ws/build/robot_control': CMAKE_PREFIX_PATH=/home/student/eiratech_ws/install/robot_description:/opt/ros/jazzy/opt/gz_sim_vendor:/opt/ros/jazzy/opt/gz_sensors_vendor:/opt/ros/jazzy/opt/gz_physics_vendor:/opt/ros/jazzy/opt/sdformat_vendor:/opt/ros/jazzy/opt/gz_gui_vendor:/opt/ros/jazzy/opt/gz_transport_vendor:/opt/ros/jazzy/opt/gz_rendering_vendor:/opt/ros/jazzy/opt/gz_plugin_vendor:/opt/ros/jazzy/opt/gz_fuel_tools_vendor:/opt/ros/jazzy/opt/gz_msgs_vendor:/opt/ros/jazzy/opt/gz_common_vendor:/opt/ros/jazzy/opt/gz_math_vendor:/opt/ros/jazzy/opt/gz_utils_vendor:/opt/ros/jazzy/opt/gz_tools_vendor:/opt/ros/jazzy/opt/gz_ogre_next_vendor:/opt/ros/jazzy/opt/gz_dartsim_vendor:/opt/ros/jazzy/opt/gz_cmake_vendor:/home/student/eiratech_ws/install/robot_bringup:/home/student/eiratech_ws/install/robot_control:/opt/ros/jazzy DEBUGINFOD_URLS=https://debuginfod.ubuntu.com /usr/bin/cmake --install /home/student/eiratech_ws/build/robot_control
[0.100s] -- Install configuration: ""
[0.100s] -- Up-to-date: /home/student/eiratech_ws/install/robot_control/share/robot_control/config
[0.100s] -- Up-to-date: /home/student/eiratech_ws/install/robot_control/share/robot_control/config/teleop_config.yaml
[0.100s] -- Up-to-date: /home/student/eiratech_ws/install/robot_control/share/robot_control/config/controller_config.yaml
[0.100s] -- Up-to-date: /home/student/eiratech_ws/install/robot_control/share/robot_control/launch
[0.100s] -- Up-to-date: /home/student/eiratech_ws/install/robot_control/share/robot_control/launch/controller_manager.launch.py
[0.100s] -- Up-to-date: /home/student/eiratech_ws/install/robot_control/share/ament_index/resource_index/package_run_dependencies/robot_control
[0.100s] -- Up-to-date: /home/student/eiratech_ws/install/robot_control/share/ament_index/resource_index/parent_prefix_path/robot_control
[0.100s] -- Up-to-date: /home/student/eiratech_ws/install/robot_control/share/robot_control/environment/ament_prefix_path.sh
[0.100s] -- Up-to-date: /home/student/eiratech_ws/install/robot_control/share/robot_control/environment/ament_prefix_path.dsv
[0.100s] -- Up-to-date: /home/student/eiratech_ws/install/robot_control/share/robot_control/environment/path.sh
[0.100s] -- Up-to-date: /home/student/eiratech_ws/install/robot_control/share/robot_control/environment/path.dsv
[0.100s] -- Up-to-date: /home/student/eiratech_ws/install/robot_control/share/robot_control/local_setup.bash
[0.100s] -- Up-to-date: /home/student/eiratech_ws/install/robot_control/share/robot_control/local_setup.sh
[0.100s] -- Up-to-date: /home/student/eiratech_ws/install/robot_control/share/robot_control/local_setup.zsh
[0.100s] -- Up-to-date: /home/student/eiratech_ws/install/robot_control/share/robot_control/local_setup.dsv
[0.100s] -- Installing: /home/student/eiratech_ws/install/robot_control/share/robot_control/package.dsv
[0.100s] -- Up-to-date: /home/student/eiratech_ws/install/robot_control/share/ament_index/resource_index/packages/robot_control
[0.100s] -- Up-to-date: /home/student/eiratech_ws/install/robot_control/share/robot_control/cmake/robot_controlConfig.cmake
[0.100s] -- Up-to-date: /home/student/eiratech_ws/install/robot_control/share/robot_control/cmake/robot_controlConfig-version.cmake
[0.100s] -- Up-to-date: /home/student/eiratech_ws/install/robot_control/share/robot_control/package.xml
[0.101s] Invoked command in '/home/student/eiratech_ws/build/robot_control' returned '0': CMAKE_PREFIX_PATH=/home/student/eiratech_ws/install/robot_description:/opt/ros/jazzy/opt/gz_sim_vendor:/opt/ros/jazzy/opt/gz_sensors_vendor:/opt/ros/jazzy/opt/gz_physics_vendor:/opt/ros/jazzy/opt/sdformat_vendor:/opt/ros/jazzy/opt/gz_gui_vendor:/opt/ros/jazzy/opt/gz_transport_vendor:/opt/ros/jazzy/opt/gz_rendering_vendor:/opt/ros/jazzy/opt/gz_plugin_vendor:/opt/ros/jazzy/opt/gz_fuel_tools_vendor:/opt/ros/jazzy/opt/gz_msgs_vendor:/opt/ros/jazzy/opt/gz_common_vendor:/opt/ros/jazzy/opt/gz_math_vendor:/opt/ros/jazzy/opt/gz_utils_vendor:/opt/ros/jazzy/opt/gz_tools_vendor:/opt/ros/jazzy/opt/gz_ogre_next_vendor:/opt/ros/jazzy/opt/gz_dartsim_vendor:/opt/ros/jazzy/opt/gz_cmake_vendor:/home/student/eiratech_ws/install/robot_bringup:/home/student/eiratech_ws/install/robot_control:/opt/ros/jazzy DEBUGINFOD_URLS=https://debuginfod.ubuntu.com /usr/bin/cmake --install /home/student/eiratech_ws/build/robot_control
