-- Install configuration: ""
-- Up-to-date: /home/student/eiratech_ws/install/robot_description/share/robot_description/meshes
-- Up-to-date: /home/student/eiratech_ws/install/robot_description/share/robot_description/meshes/base_link.STL
-- Up-to-date: /home/student/eiratech_ws/install/robot_description/share/robot_description/meshes/wheel_back_left.STL
-- Up-to-date: /home/student/eiratech_ws/install/robot_description/share/robot_description/meshes/wheel_front_right.STL
-- Up-to-date: /home/student/eiratech_ws/install/robot_description/share/robot_description/meshes/wheel_back_right.STL
-- Up-to-date: /home/student/eiratech_ws/install/robot_description/share/robot_description/meshes/wheel_front_left.STL
-- Up-to-date: /home/student/eiratech_ws/install/robot_description/share/robot_description/meshes/back_camera.STL
-- Up-to-date: /home/student/eiratech_ws/install/robot_description/share/robot_description/meshes/TC_V0.STL
-- Up-to-date: /home/student/eiratech_ws/install/robot_description/share/robot_description/meshes/front_camera.STL
-- Up-to-date: /home/student/eiratech_ws/install/robot_description/share/robot_description/urdf
-- Installing: /home/student/eiratech_ws/install/robot_description/share/robot_description/urdf/robot.urdf.xacro
-- Installing: /home/student/eiratech_ws/install/robot_description/share/robot_description/urdf/.cropMap_urdf.urdf.swp
-- Installing: /home/student/eiratech_ws/install/robot_description/share/robot_description/urdf/.robot.urdf.xacro.swo
-- Up-to-date: /home/student/eiratech_ws/install/robot_description/share/robot_description/urdf/dummy.urdf
-- Installing: /home/student/eiratech_ws/install/robot_description/share/robot_description/urdf/.robot.urdf.xacro.swp
-- Installing: /home/student/eiratech_ws/install/robot_description/share/robot_description/urdf/.dummy.urdf.swp
-- Installing: /home/student/eiratech_ws/install/robot_description/share/robot_description/urdf/.cropMap_urdf.urdf.swo
-- Installing: /home/student/eiratech_ws/install/robot_description/share/robot_description/urdf/cropMap_urdf.urdf
-- Installing: /home/student/eiratech_ws/install/robot_description/share/robot_description/urdf/.dummy.urdf.swo
-- Up-to-date: /home/student/eiratech_ws/install/robot_description/share/robot_description/rviz
-- Up-to-date: /home/student/eiratech_ws/install/robot_description/share/robot_description/rviz/robot.rviz
-- Up-to-date: /home/student/eiratech_ws/install/robot_description/share/ament_index/resource_index/package_run_dependencies/robot_description
-- Up-to-date: /home/student/eiratech_ws/install/robot_description/share/ament_index/resource_index/parent_prefix_path/robot_description
-- Up-to-date: /home/student/eiratech_ws/install/robot_description/share/robot_description/environment/ament_prefix_path.sh
-- Up-to-date: /home/student/eiratech_ws/install/robot_description/share/robot_description/environment/ament_prefix_path.dsv
-- Up-to-date: /home/student/eiratech_ws/install/robot_description/share/robot_description/environment/path.sh
-- Up-to-date: /home/student/eiratech_ws/install/robot_description/share/robot_description/environment/path.dsv
-- Up-to-date: /home/student/eiratech_ws/install/robot_description/share/robot_description/local_setup.bash
-- Up-to-date: /home/student/eiratech_ws/install/robot_description/share/robot_description/local_setup.sh
-- Up-to-date: /home/student/eiratech_ws/install/robot_description/share/robot_description/local_setup.zsh
-- Up-to-date: /home/student/eiratech_ws/install/robot_description/share/robot_description/local_setup.dsv
-- Installing: /home/student/eiratech_ws/install/robot_description/share/robot_description/package.dsv
-- Up-to-date: /home/student/eiratech_ws/install/robot_description/share/ament_index/resource_index/packages/robot_description
-- Up-to-date: /home/student/eiratech_ws/install/robot_description/share/robot_description/cmake/robot_descriptionConfig.cmake
-- Up-to-date: /home/student/eiratech_ws/install/robot_description/share/robot_description/cmake/robot_descriptionConfig-version.cmake
-- Up-to-date: /home/student/eiratech_ws/install/robot_description/share/robot_description/package.xml
