[0.007s] Invoking command in '/home/student/eiratech_ws/build/robot_description': CMAKE_PREFIX_PATH=${CMAKE_PREFIX_PATH}:/opt/ros/jazzy DEBUGINFOD_URLS=https://debuginfod.ubuntu.com /usr/bin/cmake --build /home/student/eiratech_ws/build/robot_description -- -j28 -l28
[0.038s] Invoked command in '/home/student/eiratech_ws/build/robot_description' returned '0': CMAKE_PREFIX_PATH=${CMAKE_PREFIX_PATH}:/opt/ros/jazzy DEBUGINFOD_URLS=https://debuginfod.ubuntu.com /usr/bin/cmake --build /home/student/eiratech_ws/build/robot_description -- -j28 -l28
[0.044s] Invoking command in '/home/student/eiratech_ws/build/robot_description': CMAKE_PREFIX_PATH=${CMAKE_PREFIX_PATH}:/opt/ros/jazzy DEBUGINFOD_URLS=https://debuginfod.ubuntu.com /usr/bin/cmake --install /home/student/eiratech_ws/build/robot_description
[0.049s] -- Install configuration: ""
[0.049s] -- Up-to-date: /home/student/eiratech_ws/install/robot_description/share/robot_description/meshes
[0.049s] -- Up-to-date: /home/student/eiratech_ws/install/robot_description/share/robot_description/meshes/base_link.STL
[0.049s] -- Up-to-date: /home/student/eiratech_ws/install/robot_description/share/robot_description/meshes/wheel_back_left.STL
[0.050s] -- Up-to-date: /home/student/eiratech_ws/install/robot_description/share/robot_description/meshes/wheel_front_right.STL
[0.050s] -- Up-to-date: /home/student/eiratech_ws/install/robot_description/share/robot_description/meshes/wheel_back_right.STL
[0.050s] -- Up-to-date: /home/student/eiratech_ws/install/robot_description/share/robot_description/meshes/wheel_front_left.STL
[0.050s] -- Up-to-date: /home/student/eiratech_ws/install/robot_description/share/robot_description/meshes/back_camera.STL
[0.050s] -- Up-to-date: /home/student/eiratech_ws/install/robot_description/share/robot_description/meshes/TC_V0.STL
[0.050s] -- Up-to-date: /home/student/eiratech_ws/install/robot_description/share/robot_description/meshes/front_camera.STL
[0.050s] -- Up-to-date: /home/student/eiratech_ws/install/robot_description/share/robot_description/urdf
[0.050s] -- Installing: /home/student/eiratech_ws/install/robot_description/share/robot_description/urdf/robot.urdf.xacro
[0.050s] -- Installing: /home/student/eiratech_ws/install/robot_description/share/robot_description/urdf/.cropMap_urdf.urdf.swp
[0.050s] -- Installing: /home/student/eiratech_ws/install/robot_description/share/robot_description/urdf/.robot.urdf.xacro.swo
[0.050s] -- Up-to-date: /home/student/eiratech_ws/install/robot_description/share/robot_description/urdf/dummy.urdf
[0.050s] -- Installing: /home/student/eiratech_ws/install/robot_description/share/robot_description/urdf/.robot.urdf.xacro.swp
[0.050s] -- Installing: /home/student/eiratech_ws/install/robot_description/share/robot_description/urdf/.dummy.urdf.swp
[0.050s] -- Installing: /home/student/eiratech_ws/install/robot_description/share/robot_description/urdf/.cropMap_urdf.urdf.swo
[0.050s] -- Installing: /home/student/eiratech_ws/install/robot_description/share/robot_description/urdf/cropMap_urdf.urdf
[0.050s] -- Installing: /home/student/eiratech_ws/install/robot_description/share/robot_description/urdf/.dummy.urdf.swo
[0.050s] -- Up-to-date: /home/student/eiratech_ws/install/robot_description/share/robot_description/rviz
[0.050s] -- Up-to-date: /home/student/eiratech_ws/install/robot_description/share/robot_description/rviz/robot.rviz
[0.050s] -- Up-to-date: /home/student/eiratech_ws/install/robot_description/share/ament_index/resource_index/package_run_dependencies/robot_description
[0.050s] -- Up-to-date: /home/student/eiratech_ws/install/robot_description/share/ament_index/resource_index/parent_prefix_path/robot_description
[0.050s] -- Up-to-date: /home/student/eiratech_ws/install/robot_description/share/robot_description/environment/ament_prefix_path.sh
[0.051s] -- Up-to-date: /home/student/eiratech_ws/install/robot_description/share/robot_description/environment/ament_prefix_path.dsv
[0.051s] -- Up-to-date: /home/student/eiratech_ws/install/robot_description/share/robot_description/environment/path.sh
[0.051s] -- Up-to-date: /home/student/eiratech_ws/install/robot_description/share/robot_description/environment/path.dsv
[0.051s] -- Up-to-date: /home/student/eiratech_ws/install/robot_description/share/robot_description/local_setup.bash
[0.051s] -- Up-to-date: /home/student/eiratech_ws/install/robot_description/share/robot_description/local_setup.sh
[0.051s] -- Up-to-date: /home/student/eiratech_ws/install/robot_description/share/robot_description/local_setup.zsh
[0.051s] -- Up-to-date: /home/student/eiratech_ws/install/robot_description/share/robot_description/local_setup.dsv
[0.051s] -- Installing: /home/student/eiratech_ws/install/robot_description/share/robot_description/package.dsv
[0.051s] -- Up-to-date: /home/student/eiratech_ws/install/robot_description/share/ament_index/resource_index/packages/robot_description
[0.051s] -- Up-to-date: /home/student/eiratech_ws/install/robot_description/share/robot_description/cmake/robot_descriptionConfig.cmake
[0.051s] -- Up-to-date: /home/student/eiratech_ws/install/robot_description/share/robot_description/cmake/robot_descriptionConfig-version.cmake
[0.051s] -- Up-to-date: /home/student/eiratech_ws/install/robot_description/share/robot_description/package.xml
[0.051s] Invoked command in '/home/student/eiratech_ws/build/robot_description' returned '0': CMAKE_PREFIX_PATH=${CMAKE_PREFIX_PATH}:/opt/ros/jazzy DEBUGINFOD_URLS=https://debuginfod.ubuntu.com /usr/bin/cmake --install /home/student/eiratech_ws/build/robot_description
