-- Install configuration: ""
-- Up-to-date: /home/student/eiratech_ws/install/robot_bringup/share/robot_bringup/launch
-- Up-to-date: /home/student/eiratech_ws/install/robot_bringup/share/robot_bringup/launch/basic_test.launch.py
-- Up-to-date: /home/student/eiratech_ws/install/robot_bringup/share/robot_bringup/launch/rviz.launch.py
-- Installing: /home/student/eiratech_ws/install/robot_bringup/share/robot_bringup/launch/gazebo_sim.launch.py
-- Up-to-date: /home/student/eiratech_ws/install/robot_bringup/share/robot_bringup/launch/teleop.launch.py
-- Up-to-date: /home/student/eiratech_ws/install/robot_bringup/share/robot_bringup/launch/complete_demo.launch.py
-- Up-to-date: /home/student/eiratech_ws/install/robot_bringup/share/robot_bringup/worlds
-- Installing: /home/student/eiratech_ws/install/robot_bringup/share/robot_bringup/worlds/farm_world.world
-- Up-to-date: /home/student/eiratech_ws/install/robot_bringup/share/ament_index/resource_index/package_run_dependencies/robot_bringup
-- Up-to-date: /home/student/eiratech_ws/install/robot_bringup/share/ament_index/resource_index/parent_prefix_path/robot_bringup
-- Up-to-date: /home/student/eiratech_ws/install/robot_bringup/share/robot_bringup/environment/ament_prefix_path.sh
-- Up-to-date: /home/student/eiratech_ws/install/robot_bringup/share/robot_bringup/environment/ament_prefix_path.dsv
-- Up-to-date: /home/student/eiratech_ws/install/robot_bringup/share/robot_bringup/environment/path.sh
-- Up-to-date: /home/student/eiratech_ws/install/robot_bringup/share/robot_bringup/environment/path.dsv
-- Up-to-date: /home/student/eiratech_ws/install/robot_bringup/share/robot_bringup/local_setup.bash
-- Up-to-date: /home/student/eiratech_ws/install/robot_bringup/share/robot_bringup/local_setup.sh
-- Up-to-date: /home/student/eiratech_ws/install/robot_bringup/share/robot_bringup/local_setup.zsh
-- Up-to-date: /home/student/eiratech_ws/install/robot_bringup/share/robot_bringup/local_setup.dsv
-- Installing: /home/student/eiratech_ws/install/robot_bringup/share/robot_bringup/package.dsv
-- Up-to-date: /home/student/eiratech_ws/install/robot_bringup/share/ament_index/resource_index/packages/robot_bringup
-- Up-to-date: /home/student/eiratech_ws/install/robot_bringup/share/robot_bringup/cmake/robot_bringupConfig.cmake
-- Up-to-date: /home/student/eiratech_ws/install/robot_bringup/share/robot_bringup/cmake/robot_bringupConfig-version.cmake
-- Up-to-date: /home/student/eiratech_ws/install/robot_bringup/share/robot_bringup/package.xml
