[0.020s] Invoking command in '/home/student/eiratech_ws/build/robot_bringup': AMENT_PREFIX_PATH=/home/student/eiratech_ws/install/robot_control:/home/student/eiratech_ws/install/robot_description CMAKE_PREFIX_PATH=/home/student/eiratech_ws/install/robot_control:/home/student/eiratech_ws/install/robot_description DEBUGINFOD_URLS=https://debuginfod.ubuntu.com /usr/bin/cmake --build /home/student/eiratech_ws/build/robot_bringup -- -j28 -l28
[0.165s] Invoked command in '/home/student/eiratech_ws/build/robot_bringup' returned '0': AMENT_PREFIX_PATH=/home/student/eiratech_ws/install/robot_control:/home/student/eiratech_ws/install/robot_description CMAKE_PREFIX_PATH=/home/student/eiratech_ws/install/robot_control:/home/student/eiratech_ws/install/robot_description DEBUGINFOD_URLS=https://debuginfod.ubuntu.com /usr/bin/cmake --build /home/student/eiratech_ws/build/robot_bringup -- -j28 -l28
[0.181s] Invoking command in '/home/student/eiratech_ws/build/robot_bringup': AMENT_PREFIX_PATH=/home/student/eiratech_ws/install/robot_control:/home/student/eiratech_ws/install/robot_description CMAKE_PREFIX_PATH=/home/student/eiratech_ws/install/robot_control:/home/student/eiratech_ws/install/robot_description DEBUGINFOD_URLS=https://debuginfod.ubuntu.com /usr/bin/cmake --install /home/student/eiratech_ws/build/robot_bringup
[0.191s] -- Install configuration: ""
[0.193s] -- Up-to-date: /home/student/eiratech_ws/install/robot_bringup/share/robot_bringup/launch
[0.194s] -- Up-to-date: /home/student/eiratech_ws/install/robot_bringup/share/robot_bringup/launch/basic_test.launch.py
[0.194s] -- Up-to-date: /home/student/eiratech_ws/install/robot_bringup/share/robot_bringup/launch/rviz.launch.py
[0.194s] -- Installing: /home/student/eiratech_ws/install/robot_bringup/share/robot_bringup/launch/gazebo_sim.launch.py
[0.195s] -- Up-to-date: /home/student/eiratech_ws/install/robot_bringup/share/robot_bringup/launch/teleop.launch.py
[0.195s] -- Up-to-date: /home/student/eiratech_ws/install/robot_bringup/share/robot_bringup/launch/complete_demo.launch.py
[0.195s] -- Up-to-date: /home/student/eiratech_ws/install/robot_bringup/share/robot_bringup/worlds
[0.195s] -- Installing: /home/student/eiratech_ws/install/robot_bringup/share/robot_bringup/worlds/farm_world.world
[0.196s] -- Up-to-date: /home/student/eiratech_ws/install/robot_bringup/share/ament_index/resource_index/package_run_dependencies/robot_bringup
[0.196s] -- Up-to-date: /home/student/eiratech_ws/install/robot_bringup/share/ament_index/resource_index/parent_prefix_path/robot_bringup
[0.197s] -- Up-to-date: /home/student/eiratech_ws/install/robot_bringup/share/robot_bringup/environment/ament_prefix_path.sh
[0.197s] -- Up-to-date: /home/student/eiratech_ws/install/robot_bringup/share/robot_bringup/environment/ament_prefix_path.dsv
[0.197s] -- Up-to-date: /home/student/eiratech_ws/install/robot_bringup/share/robot_bringup/environment/path.sh
[0.197s] -- Up-to-date: /home/student/eiratech_ws/install/robot_bringup/share/robot_bringup/environment/path.dsv
[0.197s] -- Up-to-date: /home/student/eiratech_ws/install/robot_bringup/share/robot_bringup/local_setup.bash
[0.197s] -- Up-to-date: /home/student/eiratech_ws/install/robot_bringup/share/robot_bringup/local_setup.sh
[0.198s] -- Up-to-date: /home/student/eiratech_ws/install/robot_bringup/share/robot_bringup/local_setup.zsh
[0.198s] -- Up-to-date: /home/student/eiratech_ws/install/robot_bringup/share/robot_bringup/local_setup.dsv
[0.198s] -- Installing: /home/student/eiratech_ws/install/robot_bringup/share/robot_bringup/package.dsv
[0.199s] -- Up-to-date: /home/student/eiratech_ws/install/robot_bringup/share/ament_index/resource_index/packages/robot_bringup
[0.199s] -- Up-to-date: /home/student/eiratech_ws/install/robot_bringup/share/robot_bringup/cmake/robot_bringupConfig.cmake
[0.199s] -- Up-to-date: /home/student/eiratech_ws/install/robot_bringup/share/robot_bringup/cmake/robot_bringupConfig-version.cmake
[0.199s] -- Up-to-date: /home/student/eiratech_ws/install/robot_bringup/share/robot_bringup/package.xml
[0.202s] Invoked command in '/home/student/eiratech_ws/build/robot_bringup' returned '0': AMENT_PREFIX_PATH=/home/student/eiratech_ws/install/robot_control:/home/student/eiratech_ws/install/robot_description CMAKE_PREFIX_PATH=/home/student/eiratech_ws/install/robot_control:/home/student/eiratech_ws/install/robot_description DEBUGINFOD_URLS=https://debuginfod.ubuntu.com /usr/bin/cmake --install /home/student/eiratech_ws/build/robot_bringup
