[0.003s] Invoking command in '/home/student/eiratech_ws/build/robot_control': AMENT_PREFIX_PATH=/home/student/eiratech_ws/install/robot_description CMAKE_PREFIX_PATH=/home/student/eiratech_ws/install/robot_description DEBUGINFOD_URLS=https://debuginfod.ubuntu.com /usr/bin/cmake --build /home/student/eiratech_ws/build/robot_control -- -j28 -l28
[0.055s] Invoked command in '/home/student/eiratech_ws/build/robot_control' returned '0': AMENT_PREFIX_PATH=/home/student/eiratech_ws/install/robot_description CMAKE_PREFIX_PATH=/home/student/eiratech_ws/install/robot_description DEBUGINFOD_URLS=https://debuginfod.ubuntu.com /usr/bin/cmake --build /home/student/eiratech_ws/build/robot_control -- -j28 -l28
[0.057s] Invoking command in '/home/student/eiratech_ws/build/robot_control': AMENT_PREFIX_PATH=/home/student/eiratech_ws/install/robot_description CMAKE_PREFIX_PATH=/home/student/eiratech_ws/install/robot_description DEBUGINFOD_URLS=https://debuginfod.ubuntu.com /usr/bin/cmake --install /home/student/eiratech_ws/build/robot_control
[0.068s] -- Install configuration: ""
[0.068s] -- Up-to-date: /home/student/eiratech_ws/install/robot_control/share/robot_control/config
[0.068s] -- Up-to-date: /home/student/eiratech_ws/install/robot_control/share/robot_control/config/teleop_config.yaml
[0.068s] -- Up-to-date: /home/student/eiratech_ws/install/robot_control/share/robot_control/config/controller_config.yaml
[0.068s] -- Up-to-date: /home/student/eiratech_ws/install/robot_control/share/robot_control/launch
[0.068s] -- Up-to-date: /home/student/eiratech_ws/install/robot_control/share/robot_control/launch/controller_manager.launch.py
[0.068s] -- Up-to-date: /home/student/eiratech_ws/install/robot_control/share/ament_index/resource_index/package_run_dependencies/robot_control
[0.069s] -- Up-to-date: /home/student/eiratech_ws/install/robot_control/share/ament_index/resource_index/parent_prefix_path/robot_control
[0.069s] -- Up-to-date: /home/student/eiratech_ws/install/robot_control/share/robot_control/environment/ament_prefix_path.sh
[0.069s] -- Up-to-date: /home/student/eiratech_ws/install/robot_control/share/robot_control/environment/ament_prefix_path.dsv
[0.069s] -- Up-to-date: /home/student/eiratech_ws/install/robot_control/share/robot_control/environment/path.sh
[0.069s] -- Up-to-date: /home/student/eiratech_ws/install/robot_control/share/robot_control/environment/path.dsv
[0.069s] -- Up-to-date: /home/student/eiratech_ws/install/robot_control/share/robot_control/local_setup.bash
[0.069s] -- Up-to-date: /home/student/eiratech_ws/install/robot_control/share/robot_control/local_setup.sh
[0.069s] -- Up-to-date: /home/student/eiratech_ws/install/robot_control/share/robot_control/local_setup.zsh
[0.069s] -- Up-to-date: /home/student/eiratech_ws/install/robot_control/share/robot_control/local_setup.dsv
[0.069s] -- Installing: /home/student/eiratech_ws/install/robot_control/share/robot_control/package.dsv
[0.069s] -- Up-to-date: /home/student/eiratech_ws/install/robot_control/share/ament_index/resource_index/packages/robot_control
[0.070s] -- Up-to-date: /home/student/eiratech_ws/install/robot_control/share/robot_control/cmake/robot_controlConfig.cmake
[0.070s] -- Up-to-date: /home/student/eiratech_ws/install/robot_control/share/robot_control/cmake/robot_controlConfig-version.cmake
[0.070s] -- Up-to-date: /home/student/eiratech_ws/install/robot_control/share/robot_control/package.xml
[0.071s] Invoked command in '/home/student/eiratech_ws/build/robot_control' returned '0': AMENT_PREFIX_PATH=/home/student/eiratech_ws/install/robot_description CMAKE_PREFIX_PATH=/home/student/eiratech_ws/install/robot_description DEBUGINFOD_URLS=https://debuginfod.ubuntu.com /usr/bin/cmake --install /home/student/eiratech_ws/build/robot_control
