-- The C compiler identification is GNU 13.3.0
-- The CXX compiler identification is GNU 13.3.0
-- Detecting C compiler ABI info
-- Detecting C compiler ABI info - done
-- Check for working C compiler: /usr/bin/cc - skipped
-- Detecting C compile features
-- Detecting C compile features - done
-- Detecting CXX compiler ABI info
-- Detecting CXX compiler ABI info - done
-- Check for working CXX compiler: /usr/bin/c++ - skipped
-- Detecting CXX compile features
-- Detecting CXX compile features - done
-- Found ament_cmake: 2.5.3 (/opt/ros/jazzy/share/ament_cmake/cmake)
-- Found Python3: /usr/bin/python3 (found version "3.12.3") found components: Interpreter 
-- Found controller_manager: 4.27.0 (/opt/ros/jazzy/share/controller_manager/cmake)
-- Found rosidl_generator_c: 4.6.5 (/opt/ros/jazzy/share/rosidl_generator_c/cmake)
-- Found rosidl_generator_cpp: 4.6.5 (/opt/ros/jazzy/share/rosidl_generator_cpp/cmake)
-- Using all available rosidl_typesupport_c: rosidl_typesupport_fastrtps_c;rosidl_typesupport_introspection_c
-- Using all available rosidl_typesupport_cpp: rosidl_typesupport_fastrtps_cpp;rosidl_typesupport_introspection_cpp
-- Found rmw_implementation_cmake: 7.3.1 (/opt/ros/jazzy/share/rmw_implementation_cmake/cmake)
-- Found rmw_fastrtps_cpp: 8.4.1 (/opt/ros/jazzy/share/rmw_fastrtps_cpp/cmake)
-- Found OpenSSL: /usr/lib/x86_64-linux-gnu/libcrypto.so (found version "3.0.13")  
-- Found FastRTPS: /opt/ros/jazzy/include (Required is at least version "2.13") 
-- Using RMW implementation 'rmw_fastrtps_cpp' as default
-- Found diff_drive_controller: 4.21.0 (/opt/ros/jazzy/share/diff_drive_controller/cmake)
-- Found joint_state_broadcaster: 4.21.0 (/opt/ros/jazzy/share/joint_state_broadcaster/cmake)
-- Configuring done (1.7s)
-- Generating done (0.0s)
-- Build files have been written to: /home/student/eiratech_ws/build/robot_control
-- Install configuration: ""
-- Installing: /home/student/eiratech_ws/install/robot_control/share/robot_control/config
-- Installing: /home/student/eiratech_ws/install/robot_control/share/robot_control/config/teleop_config.yaml
-- Installing: /home/student/eiratech_ws/install/robot_control/share/robot_control/config/controller_config.yaml
-- Installing: /home/student/eiratech_ws/install/robot_control/share/robot_control/launch
-- Installing: /home/student/eiratech_ws/install/robot_control/share/robot_control/launch/controller_manager.launch.py
-- Installing: /home/student/eiratech_ws/install/robot_control/share/ament_index/resource_index/package_run_dependencies/robot_control
-- Installing: /home/student/eiratech_ws/install/robot_control/share/ament_index/resource_index/parent_prefix_path/robot_control
-- Installing: /home/student/eiratech_ws/install/robot_control/share/robot_control/environment/ament_prefix_path.sh
-- Installing: /home/student/eiratech_ws/install/robot_control/share/robot_control/environment/ament_prefix_path.dsv
-- Installing: /home/student/eiratech_ws/install/robot_control/share/robot_control/environment/path.sh
-- Installing: /home/student/eiratech_ws/install/robot_control/share/robot_control/environment/path.dsv
-- Installing: /home/student/eiratech_ws/install/robot_control/share/robot_control/local_setup.bash
-- Installing: /home/student/eiratech_ws/install/robot_control/share/robot_control/local_setup.sh
-- Installing: /home/student/eiratech_ws/install/robot_control/share/robot_control/local_setup.zsh
-- Installing: /home/student/eiratech_ws/install/robot_control/share/robot_control/local_setup.dsv
-- Installing: /home/student/eiratech_ws/install/robot_control/share/robot_control/package.dsv
-- Installing: /home/student/eiratech_ws/install/robot_control/share/ament_index/resource_index/packages/robot_control
-- Installing: /home/student/eiratech_ws/install/robot_control/share/robot_control/cmake/robot_controlConfig.cmake
-- Installing: /home/student/eiratech_ws/install/robot_control/share/robot_control/cmake/robot_controlConfig-version.cmake
-- Installing: /home/student/eiratech_ws/install/robot_control/share/robot_control/package.xml
