[0.012s] Invoking command in '/home/student/eiratech_ws/build/robot_control': AMENT_PREFIX_PATH=/home/student/eiratech_ws/install/robot_description:${AMENT_PREFIX_PATH} CMAKE_PREFIX_PATH=/home/student/eiratech_ws/install/robot_description:/opt/ros/jazzy/opt/gz_sim_vendor:/opt/ros/jazzy/opt/gz_sensors_vendor:/opt/ros/jazzy/opt/gz_physics_vendor:/opt/ros/jazzy/opt/sdformat_vendor:/opt/ros/jazzy/opt/gz_gui_vendor:/opt/ros/jazzy/opt/gz_transport_vendor:/opt/ros/jazzy/opt/gz_rendering_vendor:/opt/ros/jazzy/opt/gz_plugin_vendor:/opt/ros/jazzy/opt/gz_fuel_tools_vendor:/opt/ros/jazzy/opt/gz_msgs_vendor:/opt/ros/jazzy/opt/gz_common_vendor:/opt/ros/jazzy/opt/gz_math_vendor:/opt/ros/jazzy/opt/gz_utils_vendor:/opt/ros/jazzy/opt/gz_tools_vendor:/opt/ros/jazzy/opt/gz_ogre_next_vendor:/opt/ros/jazzy/opt/gz_dartsim_vendor:/opt/ros/jazzy/opt/gz_cmake_vendor:/opt/ros/jazzy DEBUGINFOD_URLS=https://debuginfod.ubuntu.com /usr/bin/cmake /home/student/eiratech_ws/src/robot_control -DCMAKE_INSTALL_PREFIX=/home/student/eiratech_ws/install/robot_control
[0.107s] -- The C compiler identification is GNU 13.3.0
[0.178s] -- The CXX compiler identification is GNU 13.3.0
[0.193s] -- Detecting C compiler ABI info
[0.345s] -- Detecting C compiler ABI info - done
[0.354s] -- Check for working C compiler: /usr/bin/cc - skipped
[0.354s] -- Detecting C compile features
[0.355s] -- Detecting C compile features - done
[0.367s] -- Detecting CXX compiler ABI info
[0.500s] -- Detecting CXX compiler ABI info - done
[0.506s] -- Check for working CXX compiler: /usr/bin/c++ - skipped
[0.506s] -- Detecting CXX compile features
[0.506s] -- Detecting CXX compile features - done
[0.508s] -- Found ament_cmake: 2.5.3 (/opt/ros/jazzy/share/ament_cmake/cmake)
[0.649s] -- Found Python3: /usr/bin/python3 (found version "3.12.3") found components: Interpreter 
[0.741s] -- Found controller_manager: 4.27.0 (/opt/ros/jazzy/share/controller_manager/cmake)
[0.800s] -- Found rosidl_generator_c: 4.6.5 (/opt/ros/jazzy/share/rosidl_generator_c/cmake)
[0.808s] -- Found rosidl_generator_cpp: 4.6.5 (/opt/ros/jazzy/share/rosidl_generator_cpp/cmake)
[0.817s] -- Using all available rosidl_typesupport_c: rosidl_typesupport_fastrtps_c;rosidl_typesupport_introspection_c
[0.827s] -- Using all available rosidl_typesupport_cpp: rosidl_typesupport_fastrtps_cpp;rosidl_typesupport_introspection_cpp
[0.870s] -- Found rmw_implementation_cmake: 7.3.1 (/opt/ros/jazzy/share/rmw_implementation_cmake/cmake)
[0.871s] -- Found rmw_fastrtps_cpp: 8.4.1 (/opt/ros/jazzy/share/rmw_fastrtps_cpp/cmake)
[0.954s] -- Found OpenSSL: /usr/lib/x86_64-linux-gnu/libcrypto.so (found version "3.0.13")  
[0.982s] -- Found FastRTPS: /opt/ros/jazzy/include (Required is at least version "2.13") 
[1.000s] -- Using RMW implementation 'rmw_fastrtps_cpp' as default
[1.528s] -- Found diff_drive_controller: 4.21.0 (/opt/ros/jazzy/share/diff_drive_controller/cmake)
[1.621s] -- Found joint_state_broadcaster: 4.21.0 (/opt/ros/jazzy/share/joint_state_broadcaster/cmake)
[1.675s] -- Configuring done (1.7s)
[1.678s] -- Generating done (0.0s)
[1.680s] -- Build files have been written to: /home/student/eiratech_ws/build/robot_control
[1.688s] Invoked command in '/home/student/eiratech_ws/build/robot_control' returned '0': AMENT_PREFIX_PATH=/home/student/eiratech_ws/install/robot_description:${AMENT_PREFIX_PATH} CMAKE_PREFIX_PATH=/home/student/eiratech_ws/install/robot_description:/opt/ros/jazzy/opt/gz_sim_vendor:/opt/ros/jazzy/opt/gz_sensors_vendor:/opt/ros/jazzy/opt/gz_physics_vendor:/opt/ros/jazzy/opt/sdformat_vendor:/opt/ros/jazzy/opt/gz_gui_vendor:/opt/ros/jazzy/opt/gz_transport_vendor:/opt/ros/jazzy/opt/gz_rendering_vendor:/opt/ros/jazzy/opt/gz_plugin_vendor:/opt/ros/jazzy/opt/gz_fuel_tools_vendor:/opt/ros/jazzy/opt/gz_msgs_vendor:/opt/ros/jazzy/opt/gz_common_vendor:/opt/ros/jazzy/opt/gz_math_vendor:/opt/ros/jazzy/opt/gz_utils_vendor:/opt/ros/jazzy/opt/gz_tools_vendor:/opt/ros/jazzy/opt/gz_ogre_next_vendor:/opt/ros/jazzy/opt/gz_dartsim_vendor:/opt/ros/jazzy/opt/gz_cmake_vendor:/opt/ros/jazzy DEBUGINFOD_URLS=https://debuginfod.ubuntu.com /usr/bin/cmake /home/student/eiratech_ws/src/robot_control -DCMAKE_INSTALL_PREFIX=/home/student/eiratech_ws/install/robot_control
[1.689s] Invoking command in '/home/student/eiratech_ws/build/robot_control': AMENT_PREFIX_PATH=/home/student/eiratech_ws/install/robot_description:${AMENT_PREFIX_PATH} CMAKE_PREFIX_PATH=/home/student/eiratech_ws/install/robot_description:/opt/ros/jazzy/opt/gz_sim_vendor:/opt/ros/jazzy/opt/gz_sensors_vendor:/opt/ros/jazzy/opt/gz_physics_vendor:/opt/ros/jazzy/opt/sdformat_vendor:/opt/ros/jazzy/opt/gz_gui_vendor:/opt/ros/jazzy/opt/gz_transport_vendor:/opt/ros/jazzy/opt/gz_rendering_vendor:/opt/ros/jazzy/opt/gz_plugin_vendor:/opt/ros/jazzy/opt/gz_fuel_tools_vendor:/opt/ros/jazzy/opt/gz_msgs_vendor:/opt/ros/jazzy/opt/gz_common_vendor:/opt/ros/jazzy/opt/gz_math_vendor:/opt/ros/jazzy/opt/gz_utils_vendor:/opt/ros/jazzy/opt/gz_tools_vendor:/opt/ros/jazzy/opt/gz_ogre_next_vendor:/opt/ros/jazzy/opt/gz_dartsim_vendor:/opt/ros/jazzy/opt/gz_cmake_vendor:/opt/ros/jazzy DEBUGINFOD_URLS=https://debuginfod.ubuntu.com /usr/bin/cmake --build /home/student/eiratech_ws/build/robot_control -- -j28 -l28
[1.741s] Invoked command in '/home/student/eiratech_ws/build/robot_control' returned '0': AMENT_PREFIX_PATH=/home/student/eiratech_ws/install/robot_description:${AMENT_PREFIX_PATH} CMAKE_PREFIX_PATH=/home/student/eiratech_ws/install/robot_description:/opt/ros/jazzy/opt/gz_sim_vendor:/opt/ros/jazzy/opt/gz_sensors_vendor:/opt/ros/jazzy/opt/gz_physics_vendor:/opt/ros/jazzy/opt/sdformat_vendor:/opt/ros/jazzy/opt/gz_gui_vendor:/opt/ros/jazzy/opt/gz_transport_vendor:/opt/ros/jazzy/opt/gz_rendering_vendor:/opt/ros/jazzy/opt/gz_plugin_vendor:/opt/ros/jazzy/opt/gz_fuel_tools_vendor:/opt/ros/jazzy/opt/gz_msgs_vendor:/opt/ros/jazzy/opt/gz_common_vendor:/opt/ros/jazzy/opt/gz_math_vendor:/opt/ros/jazzy/opt/gz_utils_vendor:/opt/ros/jazzy/opt/gz_tools_vendor:/opt/ros/jazzy/opt/gz_ogre_next_vendor:/opt/ros/jazzy/opt/gz_dartsim_vendor:/opt/ros/jazzy/opt/gz_cmake_vendor:/opt/ros/jazzy DEBUGINFOD_URLS=https://debuginfod.ubuntu.com /usr/bin/cmake --build /home/student/eiratech_ws/build/robot_control -- -j28 -l28
[1.743s] Invoking command in '/home/student/eiratech_ws/build/robot_control': AMENT_PREFIX_PATH=/home/student/eiratech_ws/install/robot_description:${AMENT_PREFIX_PATH} CMAKE_PREFIX_PATH=/home/student/eiratech_ws/install/robot_description:/opt/ros/jazzy/opt/gz_sim_vendor:/opt/ros/jazzy/opt/gz_sensors_vendor:/opt/ros/jazzy/opt/gz_physics_vendor:/opt/ros/jazzy/opt/sdformat_vendor:/opt/ros/jazzy/opt/gz_gui_vendor:/opt/ros/jazzy/opt/gz_transport_vendor:/opt/ros/jazzy/opt/gz_rendering_vendor:/opt/ros/jazzy/opt/gz_plugin_vendor:/opt/ros/jazzy/opt/gz_fuel_tools_vendor:/opt/ros/jazzy/opt/gz_msgs_vendor:/opt/ros/jazzy/opt/gz_common_vendor:/opt/ros/jazzy/opt/gz_math_vendor:/opt/ros/jazzy/opt/gz_utils_vendor:/opt/ros/jazzy/opt/gz_tools_vendor:/opt/ros/jazzy/opt/gz_ogre_next_vendor:/opt/ros/jazzy/opt/gz_dartsim_vendor:/opt/ros/jazzy/opt/gz_cmake_vendor:/opt/ros/jazzy DEBUGINFOD_URLS=https://debuginfod.ubuntu.com /usr/bin/cmake --install /home/student/eiratech_ws/build/robot_control
[1.758s] -- Install configuration: ""
[1.758s] -- Installing: /home/student/eiratech_ws/install/robot_control/share/robot_control/config
[1.758s] -- Installing: /home/student/eiratech_ws/install/robot_control/share/robot_control/config/teleop_config.yaml
[1.759s] -- Installing: /home/student/eiratech_ws/install/robot_control/share/robot_control/config/controller_config.yaml
[1.759s] -- Installing: /home/student/eiratech_ws/install/robot_control/share/robot_control/launch
[1.759s] -- Installing: /home/student/eiratech_ws/install/robot_control/share/robot_control/launch/controller_manager.launch.py
[1.759s] -- Installing: /home/student/eiratech_ws/install/robot_control/share/ament_index/resource_index/package_run_dependencies/robot_control
[1.759s] -- Installing: /home/student/eiratech_ws/install/robot_control/share/ament_index/resource_index/parent_prefix_path/robot_control
[1.760s] -- Installing: /home/student/eiratech_ws/install/robot_control/share/robot_control/environment/ament_prefix_path.sh
[1.760s] -- Installing: /home/student/eiratech_ws/install/robot_control/share/robot_control/environment/ament_prefix_path.dsv
[1.760s] -- Installing: /home/student/eiratech_ws/install/robot_control/share/robot_control/environment/path.sh
[1.760s] -- Installing: /home/student/eiratech_ws/install/robot_control/share/robot_control/environment/path.dsv
[1.760s] -- Installing: /home/student/eiratech_ws/install/robot_control/share/robot_control/local_setup.bash
[1.761s] -- Installing: /home/student/eiratech_ws/install/robot_control/share/robot_control/local_setup.sh
[1.761s] -- Installing: /home/student/eiratech_ws/install/robot_control/share/robot_control/local_setup.zsh
[1.761s] -- Installing: /home/student/eiratech_ws/install/robot_control/share/robot_control/local_setup.dsv
[1.761s] -- Installing: /home/student/eiratech_ws/install/robot_control/share/robot_control/package.dsv
[1.761s] -- Installing: /home/student/eiratech_ws/install/robot_control/share/ament_index/resource_index/packages/robot_control
[1.761s] -- Installing: /home/student/eiratech_ws/install/robot_control/share/robot_control/cmake/robot_controlConfig.cmake
[1.762s] -- Installing: /home/student/eiratech_ws/install/robot_control/share/robot_control/cmake/robot_controlConfig-version.cmake
[1.762s] -- Installing: /home/student/eiratech_ws/install/robot_control/share/robot_control/package.xml
[1.764s] Invoked command in '/home/student/eiratech_ws/build/robot_control' returned '0': AMENT_PREFIX_PATH=/home/student/eiratech_ws/install/robot_description:${AMENT_PREFIX_PATH} CMAKE_PREFIX_PATH=/home/student/eiratech_ws/install/robot_description:/opt/ros/jazzy/opt/gz_sim_vendor:/opt/ros/jazzy/opt/gz_sensors_vendor:/opt/ros/jazzy/opt/gz_physics_vendor:/opt/ros/jazzy/opt/sdformat_vendor:/opt/ros/jazzy/opt/gz_gui_vendor:/opt/ros/jazzy/opt/gz_transport_vendor:/opt/ros/jazzy/opt/gz_rendering_vendor:/opt/ros/jazzy/opt/gz_plugin_vendor:/opt/ros/jazzy/opt/gz_fuel_tools_vendor:/opt/ros/jazzy/opt/gz_msgs_vendor:/opt/ros/jazzy/opt/gz_common_vendor:/opt/ros/jazzy/opt/gz_math_vendor:/opt/ros/jazzy/opt/gz_utils_vendor:/opt/ros/jazzy/opt/gz_tools_vendor:/opt/ros/jazzy/opt/gz_ogre_next_vendor:/opt/ros/jazzy/opt/gz_dartsim_vendor:/opt/ros/jazzy/opt/gz_cmake_vendor:/opt/ros/jazzy DEBUGINFOD_URLS=https://debuginfod.ubuntu.com /usr/bin/cmake --install /home/student/eiratech_ws/build/robot_control
